desc: I1 cache:         32768 B, 64 B, 8-way associative
desc: D1 cache:         32768 B, 64 B, 8-way associative
desc: LL cache:         48234496 B, 64 B, 23-way associative
cmd: ./MD 4
events: Ir I1mr ILmr Dr D1mr DLmr Dw D1mw DLmw 
fl=/lustre/home/d171/s1898201/PP_cw/MD_steps/s4_vec/MD.c
fn=evolve
17 55 1 1 0 0 0 35 0 0
27 75 0 0 0 0 0 0 0 0
28 80 0 0 0 0 0 20 15 0
29 85 0 0 5 5 0 20 0 0
31 80 0 0 0 0 0 20 0 0
34 280 0 0 0 0 0 0 0 0
35 122880 0 0 122880 30720 7680 0 0 0
39 122920 0 0 20 20 0 0 0 0
41 450560 5 5 122880 30720 0 0 0 0
42 81920 0 0 0 0 0 40960 10240 0
49 450560 1 1 122880 30720 0 122880 0 0
54 440 2 2 20 0 0 60 20 0
55 60 0 0 0 0 0 0 0 0
56 491820 2 2 60 60 60 60 0 0
58 198319740 3 3 0 0 0 0 0 0
59 884609040 15 15 252456540 44656837 20480 252026880 62899200 62899200
60 920220 0 0 0 0 0 0 0 0
66 251596920 0 0 40 0 0 0 0 0
67 167731200 1 1 83865600 20966400 20966400 0 0 0
68 251596815 1 1 83865600 20966400 20966400 0 0 0
69 251596800 0 0 83865600 20966400 20966400 0 0 0
70 167731200 0 0 0 0 0 83865600 20966400 20966400
76 20 0 0 0 0 0 0 0 0
77 163940 2 2 20 20 20 0 0 0
78 245760 0 0 0 0 0 163840 40 40
79 503767020 8 8 0 0 0 0 0 0
81 503275500 0 0 167813100 20739300 10240 0 0 0
82 335626200 1 1 167813100 20738459 10240 0 0 0
85 671006700 0 0 167731200 20966400 20966400 0 0 0
87 1006387200 0 0 503193600 62899200 62899200 0 0 0
89 503685060 2 2 245760 0 0 245700 147860 0
90 1509580800 5 5 503193600 62032501 30720 503193600 0 0
101 81900 0 0 0 0 0 0 0 0
103 163840 0 0 81920 72660 0 81920 0 0
104 163840 0 0 81920 72660 0 81920 0 0
105 163840 0 0 81920 73700 0 81920 0 0
110 300 1 1 20 20 20 0 0 0
111 92220 0 0 0 0 0 0 0 0
112 614400 2 2 245760 61440 61440 122880 0 0
113 614400 2 2 245760 61440 24000 122880 0 0
117 40 0 0 35 5 0 0 0 0
fl=/lustre/home/d171/s1898201/PP_cw/MD_steps/s4_vec/control.c
fn=main
15 18 1 1 2 0 0 8 0 0
25 1 0 0 0 0 0 0 0 0
28 2 0 0 0 0 0 0 0 0
31 2 0 0 0 0 0 1 1 1
32 2 0 0 0 0 0 1 0 0
33 1 0 0 0 0 0 1 0 0
38 1 1 1 0 0 0 1 0 0
39 3 0 0 0 0 0 1 0 0
41 2 0 0 0 0 0 0 0 0
46 16390 0 0 0 0 0 0 0 0
47 81920 2 2 0 0 0 24576 0 0
52 2 0 0 0 0 0 1 0 0
59 24 0 0 0 0 0 2 1 0
61 15 0 0 5 0 0 5 0 0
63 55 1 1 20 15 15 5 0 0
64 20 0 0 5 5 5 5 0 0
67 25 1 1 0 0 0 5 0 0
68 20 0 0 0 0 0 5 0 0
70 10 0 0 0 0 0 0 0 0
75 61445 0 0 0 0 0 0 0 0
76 327680 2 2 184320 23040 4020 40960 0 0
81 10 0 0 0 0 0 5 0 0
84 13 1 1 4 3 0 1 0 0
85 9 0 0 6 2 2 0 0 0
91 37 3 3 1 1 1 12 0 0
92 41 1 1 18 10 1 5 5 0
fl=/lustre/home/d171/s1898201/PP_cw/MD_steps/s4_vec/util.c
fn=evolve
23 1174323200 7 7 40960 10240 0 0 0 0
26 120 1 1 60 60 15 0 0 0
30 92220 5 5 0 0 0 0 0 0
31 737280 2 2 245760 30740 15 122880 30720 1536
fl=/lustre/sw/valgrind/source/valgrind-3.11.0/coregrind/m_trampoline.S
fn=vgPlain_amd64_linux_REDIR_FOR_vgettimeofday
176 12 1 1 0 0 0 0 0 0
177 12 0 0 0 0 0 0 0 0
178 12 0 0 12 0 0 0 0 0
fl=/usr/include/stdlib.h
fn=main
280 3 1 1 1 0 0 1 0 0
fl=???
fn=(below main)
0 62 5 5 17 3 0 17 0 0
fn=???
0 72321 88 79 65960 103 74 94 1 1
fn=_IO_default_finish
0 84 1 1 24 0 0 6 0 0
fn=_IO_default_uflow
0 20 2 2 10 0 0 5 0 0
fn=_IO_default_xsputn
0 1412 10 9 278 5 5 194 5 5
fn=_IO_do_write@@GLIBC_2.2.5
0 2788 10 10 819 25 20 640 0 0
fn=_IO_doallocbuf
0 126 4 4 56 1 0 28 1 1
fn=_IO_file_close
0 12 2 2 6 0 0 0 0 0
fn=_IO_file_close_it@@GLIBC_2.2.5
0 333 19 19 75 6 0 101 0 0
fn=_IO_file_doallocate
0 305 5 5 65 13 11 42 11 11
fn=_IO_file_finish@@GLIBC_2.2.5
0 48 2 2 12 0 0 6 0 0
fn=_IO_file_fopen@@GLIBC_2.2.5
0 425 8 8 72 1 1 66 0 0
fn=_IO_file_init@@GLIBC_2.2.5
0 78 2 2 24 0 0 30 0 0
fn=_IO_file_overflow@@GLIBC_2.2.5
0 3524 15 15 942 0 0 552 1 0
fn=_IO_file_read
0 8 1 1 4 0 0 0 0 0
fn=_IO_file_stat
0 28 1 1 7 0 0 0 0 0
fn=_IO_file_underflow@@GLIBC_2.2.5
0 86 6 6 29 2 1 22 0 0
fn=_IO_file_write@@GLIBC_2.2.5
0 2016 2 2 448 0 0 280 15 15
fn=_IO_file_xsputn@@GLIBC_2.2.5
0 13549513 6 6 3340685 25 20 2745631 21 21
fn=_IO_link_in
0 558 26 26 198 12 11 108 0 0
fn=_IO_no_init
0 298 19 19 55 0 0 155 12 12
fn=_IO_old_init
0 260 8 8 22 0 0 194 20 20
fn=_IO_padn
0 5345440 3 3 1290275 0 0 921625 0 0
fn=_IO_setb
0 456 1 1 114 0 0 108 4 4
fn=_IO_sputbackc
0 1089522 1 1 466938 0 0 155646 0 0
fn=_IO_str_init_static_internal
0 175 3 3 25 0 0 60 0 0
fn=_IO_switch_to_get_mode
0 40 2 2 14 0 0 12 0 0
fn=_IO_un_link
0 600 14 14 228 12 0 96 0 0
fn=_IO_unsave_markers
0 54 2 2 24 0 0 6 0 0
fn=_IO_vfscanf
0 26100773 68 68 7720964 9292 9290 2584580 4611 4611
fn=__GI_memcpy
0 3377140 6 6 423892 6 6 266682 6 6
fn=__GI_mempcpy
0 7007294 3 3 778627 0 0 389354 5460 5455
fn=__GI_memset
0 4909 4 4 1 1 0 2800 699 698
fn=__GI_strlen
0 3096674 9 9 442382 6 6 0 0 0
fn=__GI_strrchr
0 34 4 4 2 1 0 0 0 0
fn=__GI_strstr
0 150 14 14 54 6 6 36 0 0
fn=____strtod_l_internal
0 18740564 53 53 2628836 4 4 1380234 3 3
fn=____strtol_l_internal
0 102 11 11 16 4 3 10 0 0
fn=__acos_finite
0 5 2 2 3 0 0 0 0 0
fn=__asin_finite
0 5 0 0 3 0 0 0 0 0
fn=__atan2_finite
0 8 2 2 3 0 0 0 0 0
fn=__close_nocancel
0 30 6 6 6 0 0 0 0 0
fn=__cpu_indicator_init
0 81 7 7 17 1 0 11 0 0
fn=__ctype_init
0 16 2 2 10 6 0 3 1 0
fn=__cxa_atexit
0 44 2 2 10 0 0 16 1 0
fn=__cxa_finalize
0 212 5 5 52 1 1 24 0 0
fn=__default_morecore
0 16 1 1 2 0 0 2 0 0
fn=__exp_finite
0 8 2 2 3 0 0 0 0 0
fn=__fopen_internal
0 234 9 9 24 0 0 60 6 6
fn=__fopen_maybe_mmap
0 24 3 3 12 0 0 0 0 0
fn=__gmon_start__
0 27 2 2 9 2 1 2 0 0
fn=__init_misc
0 24 2 2 7 2 0 5 1 0
fn=__intel_avx_rep_memset
0 666260 16 16 40 40 19 665600 10400 10400
fn=__intel_cpu_features_init
0 5 1 1 2 0 0 2 0 0
fn=__intel_cpu_features_init_body
0 228 19 19 14 0 0 15 2 2
fn=__intel_new_feature_proc_init
0 39 5 5 10 1 1 7 1 1
fn=__intel_proc_init_ftzdazule
0 84 4 4 6 0 0 54 6 6
fn=__isoc99_fscanf
0 221184 6 6 73728 0 0 49152 0 0
fn=__libc_csu_init
0 41 2 2 9 1 1 9 0 0
fn=__libc_memalign
0 1205 5 5 202 0 0 199 1 1
fn=__libc_sigaction
0 172 13 13 57 5 3 57 5 2
fn=__linkin_atfork
0 9 1 1 4 2 1 1 0 0
fn=__log_finite
0 8 1 1 3 0 0 0 0 0
fn=__mcount_internal
0 175 10 10 66 20 16 17 0 0
fn=__mpn_cmp
0 891161 2 2 243045 0 0 0 0 0
fn=__mpn_construct_double
0 401408 1 1 86016 0 0 28672 0 0
fn=__mpn_divrem
0 19697213 12 9 5266966 0 0 4858711 10 10
fn=__mpn_extract_double
0 3870846 4 4 368652 0 0 921630 5 5
fn=__mpn_lshift
0 3796890 3 3 506252 0 0 253126 0 0
fn=__mpn_mul
0 2786996 16 16 806762 0 0 733420 1 1
fn=__mpn_mul_1
0 41589828 15 14 6125299 0 0 4130689 0 0
fn=__mpn_rshift
0 3107056 12 7 548304 0 0 365536 0 0
fn=__new_exitfn
0 83 6 6 22 5 2 9 0 0
fn=__open_nocancel
0 34 2 2 6 0 0 0 0 0
fn=__overflow
0 330 2 2 165 0 0 0 0 0
fn=__pow_finite
0 5 1 1 3 0 0 0 0 0
fn=__printf_fp
0 177890057 122 119 36904785 56 55 26789941 40990 40990
fn=__profile_frequency
0 3 1 1 3 2 0 0 0 0
fn=__read_nocancel
0 12 0 0 2 0 0 0 0 0
fn=__run_exit_handlers
0 51 4 4 11 3 3 8 0 0
fn=__sigjmp_save
0 9 0 0 2 0 0 2 0 0
fn=__sigsetjmp
0 239 4 4 59 0 0 96 1 1
fn=__sti__$E
0 348 18 18 61 2 2 81 1 1
fn=__strtod_internal
0 110592 1 1 73728 0 0 0 0 0
fn=__uflow
0 52 5 5 18 2 0 2 0 0
fn=__unregister_atfork
0 52 1 1 20 2 2 4 0 0
fn=__write_nocancel
0 302 0 0 56 0 0 0 0 0
fn=_dl_add_to_namespace_list
0 250 3 3 62 0 0 41 0 0
fn=_dl_add_to_slotinfo
0 24 2 2 9 2 0 6 1 0
fn=_dl_addr
0 55978 11 11 13649 1029 847 16 3 1
fn=_dl_allocate_tls_init
0 81 6 6 25 3 0 13 0 0
fn=_dl_allocate_tls_storage
0 332 4 4 7 0 0 295 37 37
fn=_dl_cache_libcmp
0 2686 4 4 404 25 25 0 0 0
fn=_dl_catch_error
0 396 3 3 121 0 0 187 4 4
fn=_dl_check_all_versions
0 117 3 3 19 0 0 11 0 0
fn=_dl_check_map_versions
0 2861 14 14 910 21 19 366 26 26
fn=_dl_count_modids
0 4 2 2 3 0 0 0 0 0
fn=_dl_debug_initialize
0 65 3 3 22 2 1 4 0 0
fn=_dl_debug_state
0 2 1 1 2 0 0 0 0 0
fn=_dl_determine_tlsoffset
0 56 4 4 11 1 1 8 0 0
fn=_dl_discover_osversion
0 88 4 4 15 1 1 7 1 1
fn=_dl_fini
0 416 11 11 157 50 50 47 7 7
fn=_dl_fixup
0 1646 12 12 622 135 64 211 0 0
fn=_dl_important_hwcaps
0 254 17 17 47 0 0 45 2 2
fn=_dl_init
0 348 11 11 111 31 0 31 0 0
fn=_dl_init_paths
0 1203 19 19 148 0 0 42 4 4
fn=_dl_initial_error_catch_tsd
0 24 0 0 12 0 0 0 0 0
fn=_dl_load_cache_lookup
0 1011 15 15 217 23 23 101 1 1
fn=_dl_lookup_symbol_x
0 28347 11 11 5650 153 124 3313 19 10
fn=_dl_map_object
0 1845 22 22 428 0 0 284 9 9
fn=_dl_map_object_deps
0 2714 33 33 570 11 1 226 4 4
fn=_dl_map_object_from_fd
0 4335 44 44 968 44 44 450 48 48
fn=_dl_name_match_p
0 6418 6 6 1660 33 11 954 0 0
fn=_dl_new_object
0 1132 12 12 207 7 7 208 40 40
fn=_dl_next_ld_env_entry
0 358 2 2 124 31 31 2 0 0
fn=_dl_next_tls_modid
0 6 1 1 3 0 0 1 0 0
fn=_dl_receive_error
0 28 2 2 10 0 0 12 0 0
fn=_dl_relocate_object
0 22926 46 46 6217 815 714 2671 266 250
fn=_dl_runtime_resolve
0 609 7 7 189 0 0 168 2 0
fn=_dl_setup_hash
0 152 2 2 47 8 8 39 0 0
fn=_dl_sort_fini
0 684 10 10 177 5 5 49 0 0
fn=_dl_start
0 686 17 16 142 27 25 57 16 16
fn=_dl_sysdep_read_whole_file
0 41 3 3 6 0 0 9 1 1
fn=_dl_sysdep_start
0 525 22 21 130 22 20 43 6 6
fn=_dl_sysdep_start_cleanup
0 1 1 1 1 0 0 0 0 0
fn=_dl_unload_cache
0 10 1 1 3 2 0 2 0 0
fn=_dl_vdso_vsym
0 35 4 2 15 3 0 0 0 0
fn=_fxstat
0 130 8 8 13 0 0 0 0 0
fn=_init
0 60 5 5 14 4 0 18 4 0
fn=_int_free
0 612 24 24 156 36 5 54 0 0
fn=_int_malloc
0 954 54 54 122 44 36 163 7 6
fn=_intel_fast_memset
0 260 6 5 40 20 19 20 0 0
fn=_intel_fast_memset.V
0 20 1 1 0 0 0 0 0 0
fn=_itoa_word
0 1280 3 3 116 26 21 60 0 0
fn=_mcleanup
0 6 1 1 1 0 0 2 0 0
fn=_setjmp
0 2 1 1 0 0 0 0 0 0
fn=_xstat
0 147 1 1 12 0 0 9 0 0
fn=access
0 9 2 2 1 0 0 1 0 0
fn=atexit
0 6 1 1 1 1 1 0 0 0
fn=atol
0 3 1 1 0 0 0 0 0 0
fn=bcmp
0 2080 13 13 517 13 13 160 4 4
fn=brk
0 51 3 3 7 0 0 4 1 1
fn=bsearch
0 904 3 3 164 0 0 118 0 0
fn=calloc
0 142 5 5 8 3 0 6 0 0
fn=check_free
0 9 1 1 3 1 1 1 0 0
fn=check_match.9440
0 12876 9 9 4785 116 50 1919 16 10
fn=close
0 30 0 0 6 0 0 0 0 0
fn=cos
0 8 1 1 3 0 0 0 0 0
fn=dl_main
0 1255 66 66 267 35 21 143 18 17
fn=do_lookup_x
0 71980 29 29 20945 398 232 8684 17 9
fn=exit
0 4 1 1 0 0 0 1 0 0
fn=expand_dynamic_string_token
0 33 2 2 6 0 0 9 1 1
fn=fclose@@GLIBC_2.2.5
0 444 27 27 162 6 0 60 0 0
fn=fillin_rpath
0 371 12 12 72 0 0 76 4 4
fn=fini
0 2 1 1 0 0 0 0 0 0
fn=floor
0 5 2 2 3 0 0 0 0 0
fn=floorf
0 5 1 1 3 0 0 0 0 0
fn=fopen@@GLIBC_2.2.5
0 12 6 6 0 0 0 0 0 0
fn=fprintf
0 512000 2 2 20480 0 0 348160 0 0
fn=free
0 287600 3 3 123234 22 20 0 0 0
fn=getenv
0 352 4 4 119 41 41 7 0 0
fn=gettimeofday
0 30 3 1 2 0 0 10 0 0
fn=hack_digit.13574
0 57675680 6 6 19136297 0 0 8918052 5 5
fn=handle_intel.isra.0
0 94 4 4 14 0 0 26 0 0
fn=handle_ld_preload
0 816 7 7 80 0 0 17 2 2
fn=index
0 1587 7 7 130 6 6 0 0 0
fn=init
0 3 1 1 1 0 0 2 1 0
fn=init_cacheinfo
0 150 9 9 11 2 0 15 2 2
fn=init_tls
0 83 5 5 20 4 0 13 0 0
fn=intel_02_known_compare
0 324 1 1 162 6 6 0 0 0
fn=intel_check_word
0 407 10 10 28 0 0 40 0 0
fn=isinf
0 2396238 2 1 184326 0 0 0 0 0
fn=isnan
0 1290282 3 2 184326 0 0 0 0 0
fn=malloc
0 391 5 5 84 21 16 21 0 0
fn=malloc_consolidate
0 666 4 4 9 0 0 263 34 33
fn=malloc_hook_ini
0 11 2 2 3 1 1 3 0 0
fn=map_doit
0 12 1 1 5 0 0 3 1 1
fn=match_symbol
0 1551 3 3 606 17 16 135 0 0
fn=mcount
0 120 9 9 60 0 0 48 0 0
fn=memcpy
0 994 6 6 158 0 0 130 15 15
fn=memcpy@GLIBC_2.2.5
0 15 1 1 4 1 0 0 0 0
fn=memmove
0 192 6 6 36 0 0 32 0 0
fn=mempcpy
0 1764 6 6 258 2 1 193 10 10
fn=memset
0 3096 3 3 22 0 0 2980 49 49
fn=mmap
0 757 5 5 166 0 0 138 8 8
fn=moncontrol
0 27 2 2 8 2 1 4 0 0
fn=monstartup
0 68 7 7 5 2 1 19 5 3
fn=mprotect
0 60 1 1 12 0 0 0 0 0
fn=munmap
0 35 1 1 7 0 0 0 0 0
fn=open
0 231 3 3 33 0 0 21 0 0
fn=open_path
0 1748 12 12 576 1 1 191 3 3
fn=open_verify
0 1592 14 14 359 10 10 300 2 2
fn=openaux
0 170 2 2 80 0 0 30 0 0
fn=printf
0 1119 5 5 153 41 40 558 49 40
fn=profil
0 93 10 10 14 1 1 40 4 1
fn=profil_counter
0 56750 1 1 20534 14162 183 0 0 0
fn=ptmalloc_init.part.8
0 51 7 7 15 7 3 15 3 1
fn=read
0 29 2 2 7 0 0 0 0 0
fn=read_int
0 7925820 6 6 2211865 0 0 552965 0 0
fn=rint
0 5 1 1 3 0 0 0 0 0
fn=rintf
0 5 2 2 3 0 0 0 0 0
fn=round_and_return
0 1903354 8 8 258048 0 0 239004 1 1
fn=rtld_lock_default_lock_recursive
0 16 2 2 16 2 1 0 0 0
fn=rtld_lock_default_unlock_recursive
0 16 0 0 16 1 0 0 0 0
fn=sbrk
0 69 4 4 20 3 2 11 1 0
fn=setitimer
0 10 2 2 2 0 0 0 0 0
fn=sigaction
0 8 2 2 0 0 0 0 0 0
fn=sin
0 8 1 1 3 0 0 0 0 0
fn=sprintf
0 85 5 5 5 0 0 45 0 0
fn=str_to_mpn.isra.0
0 4233264 7 7 650954 2 2 364873 1 1
fn=strcasecmp
0 5 2 2 3 2 0 0 0 0
fn=strchrnul
0 4713393 2 2 409867 51 46 0 0 0
fn=strcmp
0 22956 1 1 7149 96 57 0 0 0
fn=strdup
0 68 1 1 8 0 0 16 0 0
fn=strlen
0 1809 4 4 202 2 2 0 0 0
fn=strncasecmp
0 5 2 2 3 0 0 0 0 0
fn=strnlen
0 5 1 1 3 0 0 0 0 0
fn=strsep
0 2101 1 1 653 0 0 5 0 0
fn=strtol
0 4 1 1 2 0 0 0 0 0
fn=sysmalloc
0 140 14 14 33 6 3 23 3 2
fn=systrim.isra.3
0 162 3 3 66 5 4 36 0 0
fn=time
0 15 2 2 1 0 0 5 0 0
fn=uname
0 5 1 1 1 0 0 0 0 0
fn=version_check_doit
0 10 2 2 4 0 0 2 0 0
fn=vfprintf
0 43128322 98 93 9856173 333 309 10018754 160 153
fn=vsprintf
0 190 3 3 35 0 0 50 8 8
fn=write
0 112 1 1 56 0 0 0 0 0
fn=write_gmon
0 18 2 2 0 0 0 8 1 0
summary: 8844930842 1935 1899 2116915938 295457923 146946532 908054949 84117741 83930325
