desc: I1 cache:         32768 B, 64 B, 8-way associative
desc: D1 cache:         32768 B, 64 B, 8-way associative
desc: LL cache:         48234496 B, 64 B, 23-way associative
cmd: ./MD 4
events: Ir I1mr ILmr Dr D1mr DLmr Dw D1mw DLmw 
fl=/lustre/home/d171/s1898201/PP_cw/MD_steps/s5_other/MD.c
fn=evolve
13 35 2 2 0 0 0 15 0 0
21 85 0 0 10 5 0 0 0 0
22 105 0 0 5 0 0 20 15 0
24 163960 1 1 80 35 0 0 0 0
29 983070 2 1 409615 40980 0 122880 30720 1536
31 573440 7 2 245760 30720 0 0 0 0
34 40960 0 0 0 0 0 0 0 0
35 81920 0 0 40960 10240 0 0 0 0
36 491520 2 2 122880 0 0 245760 0 0
41 163960 0 0 20 20 0 0 0 0
42 163880 1 1 0 0 0 163865 20 0
44 671662040 4 4 0 0 0 0 0 0
46 335544300 0 0 167813100 20568713 0 0 0 0
47 335544300 1 1 167813100 20613513 0 0 0 0
48 335544300 0 0 167813100 20649353 0 0 0 0
51 335462400 0 0 0 0 0 0 0 0
52 503193600 0 0 0 0 0 0 0 0
53 503193600 0 0 0 0 0 0 0 0
54 335462400 0 0 0 0 0 0 0 0
57 503275500 1 1 167813100 20628454 0 0 0 0
58 335626200 0 0 167813100 20625991 0 0 0 0
61 335462400 0 0 0 0 0 0 0 0
64 503685060 0 0 245760 0 0 245700 72800 0
65 1677312000 2 2 503193600 61768859 0 503193600 0 0
78 163840 1 1 81920 71680 0 81920 0 0
79 163840 0 0 81920 8960 0 81920 0 0
80 163840 0 0 81920 8960 0 81920 0 0
85 327740 0 0 20 20 0 0 0 0
88 1064960 2 2 491520 40960 0 245760 0 0
89 1064960 1 1 327680 61440 0 163840 0 0
93 20 0 0 15 5 0 0 0 0
fl=/lustre/home/d171/s1898201/PP_cw/MD_steps/s5_other/control.c
fn=main
16 19 2 2 2 0 0 9 0 0
26 1 0 0 0 0 0 0 0 0
29 2 0 0 0 0 0 0 0 0
32 2 0 0 0 0 0 1 1 1
33 2 1 1 0 0 0 1 0 0
34 1 0 0 0 0 0 1 0 0
38 1 0 0 0 0 0 1 0 0
39 3 0 0 0 0 0 1 0 0
41 2 0 0 0 0 0 0 0 0
46 20488 1 1 0 0 0 0 0 0
47 81920 2 2 0 0 0 24576 0 0
52 2 0 0 0 0 0 1 0 0
59 23 1 1 0 0 0 1 0 0
61 15 0 0 5 0 0 5 0 0
63 55 1 1 20 15 0 5 0 0
64 20 1 1 5 5 0 5 0 0
67 25 0 0 0 0 0 5 0 0
68 15 0 0 0 0 0 5 0 0
70 10 0 0 0 0 0 0 0 0
75 81945 1 1 0 0 0 5 0 0
76 327680 2 2 184320 23040 0 40960 0 0
81 15 0 0 5 5 0 5 0 0
84 13 1 1 4 2 0 1 0 0
85 10 0 0 7 2 0 0 0 0
91 36 4 0 0 0 0 12 0 0
92 41 5 1 18 11 1 5 1 0
fl=/lustre/home/d171/s1898201/PP_cw/MD_steps/s5_other/util.c
fn=evolve
23 838860800 1 1 0 0 0 0 0 0
fl=/lustre/sw/valgrind/source/valgrind-3.11.0/coregrind/m_trampoline.S
fn=vgPlain_amd64_linux_REDIR_FOR_vgettimeofday
176 12 5 1 0 0 0 0 0 0
177 12 0 0 0 0 0 0 0 0
178 12 0 0 12 0 0 0 0 0
fl=/usr/include/stdlib.h
fn=main
280 3 0 0 1 0 0 1 0 0
fl=???
fn=(below main)
0 62 5 4 17 3 0 17 0 0
fn=???
0 70163 86 50 65914 99 0 96 1 1
fn=_IO_default_finish
0 84 2 2 24 0 0 6 0 0
fn=_IO_default_uflow
0 20 2 2 10 0 0 5 0 0
fn=_IO_default_xsputn
0 1346 13 5 242 10 2 195 6 1
fn=_IO_do_write@@GLIBC_2.2.5
0 340 5 5 105 5 0 79 0 0
fn=_IO_doallocbuf
0 126 1 1 56 6 0 28 1 0
fn=_IO_file_close
0 12 6 1 6 0 0 0 0 0
fn=_IO_file_close_it@@GLIBC_2.2.5
0 333 14 4 75 6 0 101 0 0
fn=_IO_file_doallocate
0 294 3 3 63 13 0 42 11 1
fn=_IO_file_finish@@GLIBC_2.2.5
0 48 2 2 12 0 0 6 0 0
fn=_IO_file_fopen@@GLIBC_2.2.5
0 425 15 7 72 1 1 66 0 0
fn=_IO_file_init@@GLIBC_2.2.5
0 78 1 1 24 0 0 30 0 0
fn=_IO_file_overflow@@GLIBC_2.2.5
0 288 10 6 60 0 0 78 5 0
fn=_IO_file_read
0 8 1 1 4 0 0 0 0 0
fn=_IO_file_stat
0 28 1 1 7 0 0 0 0 0
fn=_IO_file_underflow@@GLIBC_2.2.5
0 86 5 5 29 2 1 22 0 0
fn=_IO_file_write@@GLIBC_2.2.5
0 180 7 3 40 0 0 25 0 0
fn=_IO_file_xsputn@@GLIBC_2.2.5
0 13543983 8 4 3339636 0 0 2745420 26 0
fn=_IO_link_in
0 558 22 8 198 12 1 108 0 0
fn=_IO_no_init
0 298 15 4 55 0 0 155 12 2
fn=_IO_old_init
0 260 2 2 22 0 0 194 20 2
fn=_IO_padn
0 5345440 4 4 1290275 0 0 921625 0 0
fn=_IO_setb
0 456 2 2 114 0 0 108 5 0
fn=_IO_sputbackc
0 1089522 2 2 466938 0 0 155646 0 0
fn=_IO_str_init_static_internal
0 175 8 3 25 0 0 60 0 0
fn=_IO_switch_to_get_mode
0 40 1 1 14 0 0 12 0 0
fn=_IO_un_link
0 600 12 9 228 12 0 96 0 0
fn=_IO_unsave_markers
0 54 2 2 24 0 0 6 0 0
fn=_IO_vfscanf
0 26100773 67 67 7720964 9292 9290 2584580 4611 4608
fn=__GI_memcpy
0 3377025 13 3 423877 6 1 266672 6 0
fn=__GI_mempcpy
0 7006854 3 3 778567 0 0 389314 5470 10
fn=__GI_memset
0 1118 8 8 4 3 3 722 179 179
fn=__GI_strlen
0 3096674 2 2 442382 6 1 0 0 0
fn=__GI_strrchr
0 34 3 3 2 1 0 0 0 0
fn=__GI_strstr
0 150 10 4 54 6 1 36 0 0
fn=____strtod_l_internal
0 18740564 54 54 2628836 4 4 1380234 3 0
fn=____strtol_l_internal
0 102 10 10 16 4 3 10 0 0
fn=__acos_finite
0 7 1 1 2 0 0 1 0 0
fn=__asin_finite
0 7 1 1 2 0 0 1 0 0
fn=__atan2_finite
0 10 1 1 2 0 0 1 0 0
fn=__close_nocancel
0 30 6 1 6 0 0 0 0 0
fn=__cpu_indicator_init
0 81 7 7 17 1 0 11 0 0
fn=__ctype_init
0 16 2 2 10 5 0 3 1 0
fn=__cxa_atexit
0 44 2 2 10 0 0 16 1 0
fn=__cxa_finalize
0 212 5 5 52 1 0 24 0 0
fn=__default_morecore
0 16 2 2 2 0 0 2 0 0
fn=__exp_finite
0 10 2 2 2 0 0 1 0 0
fn=__fopen_internal
0 234 14 3 24 0 0 60 6 1
fn=__fopen_maybe_mmap
0 24 2 1 12 0 0 0 0 0
fn=__get_cpu_features
0 60 0 0 24 0 0 0 0 0
fn=__gmon_start__
0 27 1 1 9 2 1 2 0 0
fn=__init_cpu_features
0 130 17 17 12 2 1 22 0 0
fn=__init_misc
0 24 2 2 7 1 0 5 1 0
fn=__intel_cpu_features_init
0 5 1 1 2 0 0 2 0 0
fn=__intel_cpu_features_init_body
0 228 17 17 14 0 0 15 2 0
fn=__intel_new_feature_proc_init
0 39 5 5 10 1 1 7 1 0
fn=__intel_proc_init_ftzdazule
0 84 3 3 6 0 0 54 6 0
fn=__isoc99_fscanf
0 221184 5 5 73728 0 0 49152 0 0
fn=__libc_csu_init
0 34 2 2 8 1 1 8 0 0
fn=__libc_memalign
0 1205 4 4 202 0 0 199 1 1
fn=__libc_sigaction
0 172 12 7 57 3 0 57 2 2
fn=__linkin_atfork
0 9 1 1 4 2 1 1 0 0
fn=__log_finite
0 10 1 1 2 0 0 1 0 0
fn=__mcount_internal
0 175 10 4 66 20 0 17 0 0
fn=__mpn_cmp
0 891150 1 1 243042 0 0 0 0 0
fn=__mpn_construct_double
0 401408 2 2 86016 0 0 28672 0 0
fn=__mpn_divrem
0 19695032 5 5 5266379 0 0 4858170 0 0
fn=__mpn_extract_double
0 3870846 3 3 368652 0 0 921630 5 0
fn=__mpn_lshift
0 3796890 2 2 506252 0 0 253126 0 0
fn=__mpn_mul
0 2786958 5 3 806751 0 0 733410 1 0
fn=__mpn_mul_1
0 41589676 4 4 6125277 0 0 4130674 0 0
fn=__mpn_rshift
0 3106886 11 3 548274 0 0 365516 0 0
fn=__new_exitfn
0 83 5 5 22 4 2 9 0 0
fn=__open_nocancel
0 38 1 0 6 0 0 0 0 0
fn=__pow_finite
0 7 1 1 2 0 0 1 0 0
fn=__printf_fp
0 177889177 110 95 36904546 56 3 26789823 40991 1
fn=__profile_frequency
0 3 1 1 3 0 0 0 0 0
fn=__read_nocancel
0 11 0 0 2 0 0 0 0 0
fn=__run_exit_handlers
0 51 3 3 11 3 0 8 1 0
fn=__sigjmp_save
0 9 1 1 2 0 0 2 0 0
fn=__sigsetjmp
0 219 4 4 54 0 0 88 1 1
fn=__strtod_internal
0 110592 1 1 73728 0 0 0 0 0
fn=__uflow
0 52 4 4 18 2 0 2 0 0
fn=__unregister_atfork
0 52 2 2 20 3 0 4 0 0
fn=__write_nocancel
0 29 0 0 5 0 0 0 0 0
fn=_dl_add_to_namespace_list
0 250 2 2 62 0 0 41 0 0
fn=_dl_add_to_slotinfo
0 24 2 2 9 2 0 6 1 0
fn=_dl_addr
0 56005 12 12 13655 1024 842 16 1 0
fn=_dl_allocate_tls_init
0 81 7 7 25 1 0 13 0 0
fn=_dl_allocate_tls_storage
0 332 4 4 7 0 0 295 37 37
fn=_dl_cache_libcmp
0 3061 3 3 460 25 25 0 0 0
fn=_dl_catch_error
0 360 3 3 110 0 0 170 3 3
fn=_dl_check_all_versions
0 117 2 2 19 0 0 11 0 0
fn=_dl_check_map_versions
0 2725 14 14 875 23 20 353 26 26
fn=_dl_count_modids
0 4 2 2 3 0 0 0 0 0
fn=_dl_debug_initialize
0 65 3 3 22 2 1 4 0 0
fn=_dl_debug_state
0 2 0 0 2 0 0 0 0 0
fn=_dl_determine_tlsoffset
0 56 5 5 11 0 0 8 0 0
fn=_dl_discover_osversion
0 88 6 6 15 1 1 7 1 1
fn=_dl_fini
0 416 12 12 157 50 0 47 8 0
fn=_dl_fixup
0 1725 11 7 652 137 1 221 1 0
fn=_dl_important_hwcaps
0 254 16 16 47 0 0 45 2 2
fn=_dl_init
0 372 10 10 118 34 0 32 0 0
fn=_dl_init_paths
0 1203 18 18 148 0 0 42 4 4
fn=_dl_initial_error_catch_tsd
0 22 0 0 11 0 0 0 0 0
fn=_dl_load_cache_lookup
0 1090 15 15 229 21 21 105 0 0
fn=_dl_lookup_symbol_x
0 28123 14 10 5607 147 102 3290 17 0
fn=_dl_map_object
0 1774 23 23 410 0 0 264 4 4
fn=_dl_map_object_deps
0 2677 33 33 559 7 1 222 2 2
fn=_dl_map_object_from_fd
0 4338 45 45 951 41 41 444 51 51
fn=_dl_name_match_p
0 6111 6 3 1581 32 0 908 0 0
fn=_dl_new_object
0 1132 13 13 207 7 7 208 40 40
fn=_dl_next_ld_env_entry
0 416 2 2 143 32 32 2 0 0
fn=_dl_next_tls_modid
0 6 1 1 3 0 0 1 0 0
fn=_dl_receive_error
0 28 3 3 10 0 0 12 0 0
fn=_dl_relocate_object
0 22758 47 47 6175 810 712 2653 265 249
fn=_dl_runtime_resolve
0 638 3 3 198 0 0 176 3 0
fn=_dl_setup_hash
0 152 3 3 47 8 8 39 0 0
fn=_dl_sort_fini
0 678 9 9 176 5 0 49 0 0
fn=_dl_start
0 680 16 16 139 26 24 59 19 18
fn=_dl_sysdep_read_whole_file
0 41 3 3 6 0 0 9 1 1
fn=_dl_sysdep_start
0 468 12 11 131 20 18 29 6 6
fn=_dl_sysdep_start_cleanup
0 1 1 1 1 0 0 0 0 0
fn=_dl_unload_cache
0 10 2 1 3 2 0 2 0 0
fn=_dl_vdso_vsym
0 35 4 2 15 4 0 0 0 0
fn=_fxstat
0 130 3 3 13 0 0 0 0 0
fn=_init
0 60 6 6 14 2 0 18 2 0
fn=_int_free
0 612 25 13 156 42 0 54 0 0
fn=_int_malloc
0 954 35 21 122 47 2 163 7 1
fn=_itoa_word
0 1280 3 3 116 26 1 60 0 0
fn=_mcleanup
0 6 1 1 1 0 0 2 0 0
fn=_setjmp
0 2 1 1 0 0 0 0 0 0
fn=_xstat
0 147 1 1 12 0 0 9 0 0
fn=access
0 9 2 2 1 0 0 1 0 0
fn=atexit
0 6 1 1 1 1 1 0 0 0
fn=atol
0 3 1 1 0 0 0 0 0 0
fn=bcmp
0 2136 14 14 531 11 11 160 3 3
fn=brk
0 51 2 2 7 0 0 4 1 1
fn=bsearch
0 1808 6 6 328 0 0 236 0 0
fn=calloc
0 142 6 6 8 3 0 6 0 0
fn=check_free
0 9 1 1 3 1 0 1 0 0
fn=check_match.9346
0 12659 7 6 4708 103 41 1883 14 0
fn=close
0 30 0 0 6 0 0 0 0 0
fn=cos
0 10 2 2 2 0 0 1 0 0
fn=dl_main
0 1285 76 76 269 31 20 151 17 16
fn=do_lookup_x
0 71148 24 18 20685 396 170 8574 18 0
fn=do_preload
0 27 3 3 7 0 0 8 0 0
fn=exit
0 4 1 1 0 0 0 1 0 0
fn=expand_dynamic_string_token
0 33 2 2 6 0 0 9 1 1
fn=fclose@@GLIBC_2.2.5
0 444 12 7 162 6 0 60 0 0
fn=fillin_rpath
0 371 14 14 72 0 0 76 4 4
fn=fini
0 2 1 1 0 0 0 0 0 0
fn=floor
0 6 2 2 2 0 0 1 0 0
fn=floorf
0 6 1 1 2 0 0 1 0 0
fn=fopen@@GLIBC_2.2.5
0 12 6 1 0 0 0 0 0 0
fn=fprintf
0 512000 3 3 20480 0 0 348160 0 0
fn=free
0 287320 3 3 123114 42 0 0 0 0
fn=getenv
0 412 3 3 139 43 0 7 0 0
fn=gettimeofday
0 30 2 1 2 0 0 10 0 0
fn=hack_digit.13549
0 57674430 7 7 19135855 0 0 8917864 5 0
fn=handle_intel.isra.0
0 188 10 10 28 0 0 52 0 0
fn=index
0 565 2 2 50 5 5 0 0 0
fn=init
0 3 1 1 1 0 0 2 1 0
fn=init_cacheinfo
0 287 17 17 15 1 1 27 3 3
fn=init_tls
0 83 4 4 20 3 0 13 1 1
fn=intel_02_known_compare
0 648 2 2 324 12 12 0 0 0
fn=intel_check_word
0 814 22 22 56 0 0 80 0 0
fn=isinf
0 2396238 1 1 184326 0 0 0 0 0
fn=isnan
0 1290282 1 1 184326 0 0 0 0 0
fn=malloc
0 391 4 4 84 19 1 21 0 0
fn=malloc_consolidate
0 666 4 4 9 0 0 263 33 33
fn=malloc_hook_ini
0 11 2 2 3 1 1 3 0 0
fn=map_doit
0 12 1 1 5 0 0 3 0 0
fn=match_symbol
0 1478 5 5 577 17 16 126 0 0
fn=mcount
0 120 6 2 60 0 0 48 0 0
fn=memcpy
0 934 6 6 149 0 0 121 13 13
fn=memcpy@GLIBC_2.2.5
0 13 2 2 4 0 0 0 0 0
fn=memmove
0 192 8 4 36 0 0 32 0 0
fn=mempcpy
0 1759 5 5 258 2 1 193 8 8
fn=memset
0 802 21 15 42 7 5 383 48 48
fn=mmap
0 138 2 2 23 0 0 0 0 0
fn=moncontrol
0 27 2 1 8 2 0 4 0 0
fn=monstartup
0 68 7 7 5 2 1 19 4 3
fn=mprotect
0 60 1 1 12 0 0 0 0 0
fn=munmap
0 35 0 0 7 0 0 0 0 0
fn=open
0 231 4 2 33 0 0 21 0 0
fn=open_path
0 1748 13 13 576 0 0 191 1 1
fn=open_verify
0 1632 13 13 363 6 6 300 1 1
fn=openaux
0 153 2 2 72 0 0 27 0 0
fn=printf
0 699 8 3 93 41 0 358 44 0
fn=profil
0 93 9 8 14 1 1 40 1 1
fn=profil_counter
0 36693 1 1 13161 8929 21 0 0 0
fn=ptmalloc_init.part.8
0 51 7 7 15 6 2 15 4 2
fn=read
0 29 2 2 7 0 0 0 0 0
fn=read_int
0 7925820 2 2 2211865 0 0 552965 0 0
fn=rint
0 6 2 2 2 0 0 1 0 0
fn=rintf
0 6 1 1 2 0 0 1 0 0
fn=round_and_return
0 1903354 9 9 258048 0 0 239004 1 0
fn=rtld_lock_default_lock_recursive
0 16 2 1 16 2 1 0 0 0
fn=rtld_lock_default_unlock_recursive
0 16 0 0 16 1 0 0 0 0
fn=sbrk
0 69 5 5 20 3 2 11 1 0
fn=setitimer
0 10 2 1 2 0 0 0 0 0
fn=sigaction
0 8 2 1 0 0 0 0 0 0
fn=sin
0 10 1 1 2 0 0 1 0 0
fn=sprintf
0 85 4 3 5 0 0 45 0 0
fn=str_to_mpn.isra.0
0 4233264 5 5 650954 2 2 364873 1 0
fn=strcasecmp
0 7 2 2 3 1 1 1 0 0
fn=strchrnul
0 4712933 3 3 409827 32 2 0 0 0
fn=strcmp
0 22297 1 1 6936 100 35 0 0 0
fn=strdup
0 68 1 1 8 0 0 16 0 0
fn=strlen
0 1906 4 4 206 0 0 0 0 0
fn=strncasecmp
0 6 2 2 3 0 0 0 0 0
fn=strnlen
0 6 2 2 3 0 0 0 0 0
fn=strsep
0 3108 2 2 968 0 0 6 0 0
fn=strtol
0 4 1 1 2 0 0 0 0 0
fn=sysmalloc
0 140 15 15 33 5 2 23 4 2
fn=systrim.isra.3
0 162 2 2 66 5 0 36 0 0
fn=time
0 15 2 2 1 0 0 5 0 0
fn=uname
0 5 1 1 1 0 0 0 0 0
fn=version_check_doit
0 10 1 1 4 0 0 2 0 0
fn=vfprintf
0 43126002 87 64 9855373 339 9 10018154 160 0
fn=vsprintf
0 190 4 3 35 0 0 50 8 0
fn=write
0 10 5 1 5 0 0 0 0 0
fn=write_gmon
0 18 2 2 0 0 0 8 0 0
summary: 8013067863 1805 1490 1445854920 165174345 11548 571734244 155834 6933
