--------------------------------------------------------------------------------
I1 cache:         32768 B, 64 B, 8-way associative
D1 cache:         32768 B, 64 B, 8-way associative
LL cache:         48234496 B, 64 B, 23-way associative
Command:          ./MD 4
Data file:        report/cachegrind.out
Events recorded:  Ir I1mr ILmr Dr D1mr DLmr Dw D1mw DLmw
Events shown:     Ir I1mr ILmr Dr D1mr DLmr Dw D1mw DLmw
Event sort order: Ir I1mr ILmr Dr D1mr DLmr Dw D1mw DLmw
Thresholds:       0.1 100 100 100 100 100 100 100 100
Include dirs:     
User annotated:   
Auto-annotation:  on

--------------------------------------------------------------------------------
           Ir  I1mr  ILmr            Dr        D1mr   DLmr          Dw    D1mw  DLmw 
--------------------------------------------------------------------------------
8,013,067,863 1,805 1,490 1,445,854,920 165,174,345 11,548 571,734,244 155,834 6,933  PROGRAM TOTALS

--------------------------------------------------------------------------------
           Ir I1mr ILmr            Dr        D1mr  DLmr          Dw    D1mw  DLmw  file:function
--------------------------------------------------------------------------------
6,716,580,235   27   21 1,344,389,185 165,128,908     0 504,627,200 103,555 1,536  /lustre/home/d171/s1898201/PP_cw/MD_steps/s5_other/MD.c:evolve
  838,860,800    1    1             0           0     0           0       0     0  /lustre/home/d171/s1898201/PP_cw/MD_steps/s5_other/util.c:evolve
  177,889,177  110   95    36,904,546          56     3  26,789,823  40,991     1  ???:__printf_fp
   57,674,430    7    7    19,135,855           0     0   8,917,864       5     0  ???:hack_digit.13549
   43,126,002   87   64     9,855,373         339     9  10,018,154     160     0  ???:vfprintf
   41,589,676    4    4     6,125,277           0     0   4,130,674       0     0  ???:__mpn_mul_1
   26,100,773   67   67     7,720,964       9,292 9,290   2,584,580   4,611 4,608  ???:_IO_vfscanf
   19,695,032    5    5     5,266,379           0     0   4,858,170       0     0  ???:__mpn_divrem
   18,740,564   54   54     2,628,836           4     4   1,380,234       3     0  ???:____strtod_l_internal
   13,543,983    8    4     3,339,636           0     0   2,745,420      26     0  ???:_IO_file_xsputn@@GLIBC_2.2.5

--------------------------------------------------------------------------------
-- Auto-annotated source: /lustre/home/d171/s1898201/PP_cw/MD_steps/s5_other/util.c
--------------------------------------------------------------------------------
         Ir I1mr ILmr Dr D1mr DLmr Dw D1mw DLmw 

-- line 15 ----------------------------------------
          .    .    .  .    .    .  .    .    .  // void add_norm(int N, double *r, double *delta) {
          .    .    .  .    .    .  .    .    .  //   int k;
          .    .    .  .    .    .  .    .    .  //   for (k = 0; k < N; k++) {
          .    .    .  .    .    .  .    .    .  //     r[k] += (delta[k] * delta[k]);
          .    .    .  .    .    .  .    .    .  //   }
          .    .    .  .    .    .  .    .    .  // }
          .    .    .  .    .    .  .    .    .  
          .    .    .  .    .    .  .    .    .  double force(double W, double delta, double r) {
838,860,800    1    1  0    0    0  0    0    0    return W * delta / (pow(r, 3.0));
          .    .    .  .    .    .  .    .    .  }
          .    .    .  .    .    .  .    .    .  
          .    .    .  .    .    .  .    .    .  // void new_force(int N, double *f, double *vis, double *velo, double wind) {
          .    .    .  .    .    .  .    .    .  //   int i;
          .    .    .  .    .    .  .    .    .  // #pragma ivdep
          .    .    .  .    .    .  .    .    .  // #pragma vector aligned
          .    .    .  .    .    .  .    .    .  //   for (i = 0; i < N; i++) {
          .    .    .  .    .    .  .    .    .  //     f[i] = -vis[i] * velo[i] - vis[i] * wind;
-- line 31 ----------------------------------------

--------------------------------------------------------------------------------
-- Auto-annotated source: /lustre/home/d171/s1898201/PP_cw/MD_steps/s5_other/MD.c
--------------------------------------------------------------------------------
           Ir I1mr ILmr          Dr       D1mr DLmr          Dw   D1mw  DLmw 

-- line 5 ----------------------------------------
            .    .    .           .          .    .           .      .     .  #include <math.h>
            .    .    .           .          .    .           .      .     .  #include <stdio.h>
            .    .    .           .          .    .           .      .     .  #include <string.h>
            .    .    .           .          .    .           .      .     .  
            .    .    .           .          .    .           .      .     .  #include "coord.h"
            .    .    .           .          .    .           .      .     .  
            .    .    .           .          .    .           .      .     .  double force(double W, double delta, double r);
            .    .    .           .          .    .           .      .     .  
           35    2    2           0          0    0          15      0     0  void evolve(int count, double dt) {
            .    .    .           .          .    .           .      .     .    int step;
            .    .    .           .          .    .           .      .     .    int i, j, k, l;
            .    .    .           .          .    .           .      .     .    double Size, temp, tempForce, tempGmass, tempFLI[3];
            .    .    .           .          .    .           .      .     .  
            .    .    .           .          .    .           .      .     .    /*
            .    .    .           .          .    .           .      .     .     * Loop over timesteps.
            .    .    .           .          .    .           .      .     .     */
           85    0    0          10          5    0           0      0     0    for (step = 1; step <= count; step++) {
          105    0    0           5          0    0          20     15     0      printf("timestep %d\ncollisions %d\n", step, collisions);
            .    .    .           .          .    .           .      .     .  
      163,960    1    1          80         35    0           0      0     0      for (i = 0; i < Nbody; i++) {
            .    .    .           .          .    .           .      .     .        temp = 0;
            .    .    .           .          .    .           .      .     .        for (j = 0; j < Ndim; j++) {
            .    .    .           .          .    .           .      .     .          /* set the viscosity term in the force calculation */
            .    .    .           .          .    .           .      .     .          /* add the wind term in the force calculation */
      983,070    2    1     409,615     40,980    0     122,880 30,720 1,536          f[i][j] = -vis[i] * velo[i][j] - vis[i] * wind[j];
            .    .    .           .          .    .           .      .     .  
      573,440    7    2     245,760     30,720    0           0      0     0          temp += pos[i][j] * pos[i][j];
            .    .    .           .          .    .           .      .     .        }
            .    .    .           .          .    .           .      .     .        /* calculate distance from central mass */
       40,960    0    0           0          0    0           0      0     0        temp = sqrt(temp);
       81,920    0    0      40,960     10,240    0           0      0     0        tempGmass = GM * mass[i];
      491,520    2    2     122,880          0    0     245,760      0     0        for (j = 0; j < Ndim; j++) f[i][j] -= force(tempGmass, pos[i][j], temp);
            .    .    .           .          .    .           .      .     .      }
            .    .    .           .          .    .           .      .     .  
            .    .    .           .          .    .           .      .     .      double delta_pos_new[Ndim], temp_norm;
            .    .    .           .          .    .           .      .     .      k = 0;
      163,960    0    0          20         20    0           0      0     0      for (i = 0; i < Nbody; i++) {
      163,880    1    1           0          0    0     163,865     20     0        memset(tempFLI, 0.0, sizeof(tempFLI));
            .    .    .           .          .    .           .      .     .  
  671,662,040    4    4           0          0    0           0      0     0        for (j = i + 1; j < Nbody; j++) {
            .    .    .           .          .    .           .      .     .          /* calculate pairwise separation of particles */
  335,544,300    0    0 167,813,100 20,568,713    0           0      0     0          delta_pos_new[0] = pos[i][0] - pos[j][0];
  335,544,300    1    1 167,813,100 20,613,513    0           0      0     0          delta_pos_new[1] = pos[i][1] - pos[j][1];
  335,544,300    0    0 167,813,100 20,649,353    0           0      0     0          delta_pos_new[2] = pos[i][2] - pos[j][2];
            .    .    .           .          .    .           .      .     .  
            .    .    .           .          .    .           .      .     .          /* calculate norm of separation vector */
  335,462,400    0    0           0          0    0           0      0     0          temp_norm = delta_pos_new[0] * delta_pos_new[0] +
  503,193,600    0    0           0          0    0           0      0     0                      delta_pos_new[1] * delta_pos_new[1] +
  503,193,600    0    0           0          0    0           0      0     0                      delta_pos_new[2] * delta_pos_new[2];
  335,462,400    0    0           0          0    0           0      0     0          temp_norm = sqrt(temp_norm);
            .    .    .           .          .    .           .      .     .  
            .    .    .           .          .    .           .      .     .          /* add pairwise forces */
  503,275,500    1    1 167,813,100 20,628,454    0           0      0     0          Size = radius[i] + radius[j];
  335,626,200    0    0 167,813,100 20,625,991    0           0      0     0          tempGmass = G * mass[i] * mass[j];
            .    .    .           .          .    .           .      .     .  
            .    .    .           .          .    .           .      .     .          /*  flip force if close in */
  335,462,400    0    0           0          0    0           0      0     0          if (temp_norm >= Size) {
            .    .    .           .          .    .           .      .     .            for (l = 0; l < Ndim; l++) {
            .    .    .           .          .    .           .      .     .              tempForce = force(tempGmass, delta_pos_new[l], temp_norm);
  503,685,060    0    0     245,760          0    0     245,700 72,800     0              tempFLI[l] -= tempForce;
1,677,312,000    2    2 503,193,600 61,768,859    0 503,193,600      0     0              f[j][l] += tempForce;
            .    .    .           .          .    .           .      .     .            }
            .    .    .           .          .    .           .      .     .          } else {
            .    .    .           .          .    .           .      .     .            for (l = 0; l < Ndim; l++) {
            .    .    .           .          .    .           .      .     .              tempForce = force(tempGmass, delta_pos_new[l], temp_norm);
            .    .    .           .          .    .           .      .     .              tempFLI[l] += tempForce;
            .    .    .           .          .    .           .      .     .              f[j][l] -= tempForce;
            .    .    .           .          .    .           .      .     .            }
            .    .    .           .          .    .           .      .     .            collisions++;
            .    .    .           .          .    .           .      .     .          }
            .    .    .           .          .    .           .      .     .  
            .    .    .           .          .    .           .      .     .          k = k + 1;
            .    .    .           .          .    .           .      .     .        }
      163,840    1    1      81,920     71,680    0      81,920      0     0        f[i][0] += tempFLI[0];
      163,840    0    0      81,920      8,960    0      81,920      0     0        f[i][1] += tempFLI[1];
      163,840    0    0      81,920      8,960    0      81,920      0     0        f[i][2] += tempFLI[2];
            .    .    .           .          .    .           .      .     .      }
            .    .    .           .          .    .           .      .     .  
            .    .    .           .          .    .           .      .     .      /* update positions */
            .    .    .           .          .    .           .      .     .      /* update velocities */
      327,740    0    0          20         20    0           0      0     0      for (i = 0; i < Nbody; i++){
            .    .    .           .          .    .           .      .     .        // #pragma vector aligned
            .    .    .           .          .    .           .      .     .         for (j = 0; j < Ndim; j++) {
    1,064,960    2    2     491,520     40,960    0     245,760      0     0          pos[i][j] += dt * velo[i][j];
    1,064,960    1    1     327,680     61,440    0     163,840      0     0          velo[i][j] += dt * (f[i][j] / mass[i]);
            .    .    .           .          .    .           .      .     .        }
            .    .    .           .          .    .           .      .     .      }
            .    .    .           .          .    .           .      .     .    }
           20    0    0          15          5    0           0      0     0  }

--------------------------------------------------------------------------------
Ir I1mr ILmr Dr D1mr DLmr Dw D1mw DLmw 
--------------------------------------------------------------------------------
94    2    1 93  100    0 88   66   22  percentage of events annotated

