desc: I1 cache:         32768 B, 64 B, 8-way associative
desc: D1 cache:         32768 B, 64 B, 8-way associative
desc: LL cache:         48234496 B, 64 B, 23-way associative
cmd: ./MD 4
events: Ir I1mr ILmr Dr D1mr DLmr Dw D1mw DLmw 
fl=/lustre/home/d171/s1898201/PP_cw/MD_raw/C/MD.c
fn=evolve
14 13 1 1 0 0 0 11 2 0
22 6 1 1 2 0 0 2 0 0
23 24 2 2 6 0 0 11 0 0
24 24 2 2 6 0 0 11 0 0
27 30 1 1 7 0 0 8 0 0
28 303 8 8 93 6 0 102 19 0
31 30 1 1 7 0 0 8 0 0
32 249 7 7 72 7 0 78 18 0
35 32773 0 0 8193 0 0 8194 0 0
36 122880 3 3 40960 1 0 36864 515 0
38 30 1 1 7 0 0 8 0 0
39 192 5 5 60 5 0 69 16 0
41 5 1 1 1 0 0 2 0 0
42 28 2 2 10 2 0 8 2 0
fl=/lustre/home/d171/s1898201/PP_cw/MD_raw/C/control.c
fn=main
14 37 4 4 8 0 0 21 3 3
21 3 0 0 1 1 1 2 0 0
24 2 0 0 0 0 0 2 1 1
25 2 1 1 0 0 0 2 0 0
27 3 0 0 1 0 0 0 0 0
28 51 4 4 17 0 0 20 3 1
30 3 0 0 1 0 0 1 1 1
31 4 1 1 1 0 0 1 0 0
32 4 0 0 0 0 0 1 0 0
34 43 4 4 13 0 0 14 3 1
35 43 3 3 13 0 0 14 0 0
36 43 4 4 13 0 0 14 2 1
37 43 3 3 13 0 0 14 3 1
38 43 4 4 13 0 0 14 3 1
39 66 5 5 21 0 0 19 4 1
40 66 5 5 21 0 0 19 4 1
41 66 6 6 21 0 0 19 4 1
42 66 5 5 21 0 0 19 1 1
43 21 1 1 5 0 0 6 1 0
44 100 3 3 30 0 0 24 2 1
45 100 4 4 30 0 0 24 0 0
46 100 4 4 30 0 0 24 2 1
47 100 4 4 30 0 0 24 0 0
52 1 1 1 0 0 0 1 1 0
53 72 6 6 21 0 0 30 4 1
55 3 0 0 1 0 0 0 0 0
60 32774 1 1 8193 0 0 8194 0 0
61 1224704 26 25 430080 17 0 438272 378 7
66 24 2 2 8 0 0 12 1 0
72 5 1 1 1 0 0 4 0 0
73 6 0 0 2 0 0 2 0 0
74 5 1 1 1 0 0 4 0 0
75 4 1 1 2 1 0 1 0 0
fn=second
103 8 1 1 0 0 0 4 0 0
114 74 3 3 18 0 0 38 0 0
115 18 0 0 10 1 1 0 0 0
fl=/lustre/home/d171/s1898201/PP_cw/MD_raw/C/util.c
fn=add_norm
18 138 3 3 45 0 0 51 2 0
20 110610 1 1 36870 0 0 24582 0 0
21 1523712 9 9 577536 3076 0 430080 2 0
23 9 1 1 9 0 0 0 0 0
fn=visc_force
4 195 6 6 66 0 0 69 0 0
6 110610 0 0 36870 0 0 24582 0 0
7 1069056 6 6 393216 3073 0 294912 1537 960
9 9 1 1 9 3 0 0 0 0
fn=wind_force
11 147 4 4 48 0 0 57 0 0
13 110610 0 0 36870 0 0 24582 0 0
14 1179648 7 7 454656 3073 0 331776 0 0
16 9 1 1 9 0 0 0 0 0
fl=/lustre/sw/valgrind/source/valgrind-3.11.0/coregrind/m_trampoline.S
fn=vgPlain_amd64_linux_REDIR_FOR_vgettimeofday
176 2 1 1 0 0 0 0 0 0
177 2 0 0 0 0 0 0 0 0
178 2 0 0 2 0 0 0 0 0
fl=???
fn=(below main)
0 60 4 4 17 2 0 16 0 0
fn=???
0 558024 72 62 557731 584 0 88 1 1
fn=_IO_default_finish
0 14 2 1 4 0 0 1 0 0
fn=_IO_default_uflow
0 20 2 2 10 0 0 5 0 0
fn=_IO_default_xsputn
0 162 3 3 53 0 0 14 0 0
fn=_IO_do_write@@GLIBC_2.2.5
0 111 4 4 33 0 0 26 0 0
fn=_IO_doallocbuf
0 36 2 2 16 1 0 8 0 0
fn=_IO_file_close
0 2 1 1 1 0 0 0 0 0
fn=_IO_file_close_it@@GLIBC_2.2.5
0 48 4 4 10 1 0 16 0 0
fn=_IO_file_doallocate
0 95 5 5 20 4 2 12 3 2
fn=_IO_file_finish@@GLIBC_2.2.5
0 8 2 2 2 0 0 1 0 0
fn=_IO_file_fopen@@GLIBC_2.2.5
0 70 6 6 12 0 0 11 0 0
fn=_IO_file_init@@GLIBC_2.2.5
0 13 2 2 4 0 0 5 0 0
fn=_IO_file_overflow@@GLIBC_2.2.5
0 391 6 6 103 0 0 65 2 1
fn=_IO_file_read
0 8 1 1 4 0 0 0 0 0
fn=_IO_file_stat
0 8 1 1 2 0 0 0 0 0
fn=_IO_file_underflow@@GLIBC_2.2.5
0 86 6 6 29 2 1 22 0 0
fn=_IO_file_write@@GLIBC_2.2.5
0 72 2 2 16 0 0 10 0 0
fn=_IO_file_xsputn@@GLIBC_2.2.5
0 432 6 6 87 0 0 50 1 1
fn=_IO_link_in
0 104 10 10 37 3 1 18 0 0
fn=_IO_no_init
0 33 4 4 5 0 0 20 2 2
fn=_IO_old_init
0 25 3 3 2 0 0 19 3 3
fn=_IO_setb
0 76 1 1 19 0 0 18 0 0
fn=_IO_sputbackc
0 1089522 1 1 466938 0 0 155646 0 0
fn=_IO_switch_to_get_mode
0 40 2 2 14 0 0 12 0 0
fn=_IO_un_link
0 111 9 9 42 2 0 16 0 0
fn=_IO_unsave_markers
0 9 2 2 4 0 0 1 0 0
fn=_IO_vfscanf
0 26149925 69 69 7741444 9595 9290 2584580 11718 961
fn=__GI_memcpy
0 859284 3 3 95476 1 1 47738 1 0
fn=__GI_mempcpy
0 99 3 3 12 0 0 7 0 0
fn=__GI_memset
0 33250 4 4 7 7 0 18964 4731 4728
fn=__GI_strlen
0 516267 8 4 73748 3 3 0 0 0
fn=__GI_strncmp
0 194 12 12 25 1 1 0 0 0
fn=__GI_strrchr
0 34 3 3 2 0 0 0 0 0
fn=__GI_strstr
0 25 4 4 9 1 1 6 0 0
fn=____strtod_l_internal
0 18740564 53 53 2628836 28 4 1380234 4 0
fn=____strtol_l_internal
0 102 11 11 16 4 3 10 0 0
fn=__acos_finite
0 5 2 2 3 0 0 0 0 0
fn=__asin_finite
0 5 0 0 3 0 0 0 0 0
fn=__atan2_finite
0 8 2 2 3 0 0 0 0 0
fn=__chkp_alloc_l2
0 70 2 2 10 0 0 12 0 0
fn=__chkp_calloc
0 261 2 2 45 7 0 99 0 0
fn=__chkp_check_bounds
0 3556476 2 1 1143153 4 0 889119 0 0
fn=__chkp_cpstore
0 718686 3 3 184806 0 0 205337 227 29
fn=__chkp_fopen
0 272 14 14 51 1 0 65 0 0
fn=__chkp_map
0 3958859 3 3 942588 168 2 565553 5 0
fn=__chkp_map_for_load
0 2855711 2 2 1175881 493 0 671932 0 0
fn=__chkp_map_r8_for_store
0 40960 3 1 12288 0 0 8192 0 0
fn=__chkp_map_r9_for_store
0 40960 1 1 12288 0 0 8192 0 0
fn=__chkp_map_rax_for_load
0 340 2 2 120 14 0 80 0 0
fn=__chkp_map_rax_for_store
0 100 1 1 30 0 0 20 0 0
fn=__chkp_map_rcx_for_load
0 48 2 2 18 0 0 12 0 0
fn=__chkp_map_rcx_for_store
0 40990 2 2 12297 0 0 8198 0 0
fn=__chkp_map_rdi_for_load
0 16 2 2 6 0 0 4 0 0
fn=__chkp_map_rdi_for_store
0 41040 2 2 12312 0 0 8208 0 0
fn=__chkp_map_rdx_for_load
0 144 1 1 54 0 0 36 1 0
fn=__chkp_map_rdx_for_store
0 41050 1 1 12315 0 0 8210 0 0
fn=__chkp_map_rsi_for_load
0 176 1 1 66 1 0 44 0 0
fn=__chkp_map_rsi_for_store
0 41090 1 1 12327 0 0 8218 0 0
fn=__close_nocancel
0 5 1 1 1 0 0 0 0 0
fn=__cpu_indicator_init
0 81 7 7 17 1 0 11 0 0
fn=__ctype_init
0 16 2 2 10 4 0 3 0 0
fn=__cxa_atexit
0 22 2 2 5 0 0 8 0 0
fn=__default_morecore
0 32 1 1 4 0 0 4 0 0
fn=__exp_finite
0 8 2 2 3 0 0 0 0 0
fn=__fopen_internal
0 39 3 3 4 0 0 10 1 1
fn=__fopen_maybe_mmap
0 4 1 1 2 0 0 0 0 0
fn=__init_misc
0 24 2 2 7 1 0 5 1 0
fn=__isoc99_fscanf
0 221184 6 6 73728 20 0 49152 1 0
fn=__libc_csu_init
0 41 2 2 9 1 1 9 0 0
fn=__libc_dl_error_tsd
0 3 1 1 3 1 0 0 0 0
fn=__libc_memalign
0 1520 5 5 255 0 0 251 1 1
fn=__libc_pthread_init
0 393 2 2 110 8 0 58 7 7
fn=__libc_sigaction
0 134 5 5 38 0 0 38 3 3
fn=__linkin_atfork
0 9 1 1 4 2 0 1 0 0
fn=__log_finite
0 8 1 1 3 0 0 0 0 0
fn=__mpn_construct_double
0 401408 1 1 86016 0 0 28672 0 0
fn=__mpn_lshift
0 1032000 2 2 137600 0 0 68800 0 0
fn=__mpn_mul
0 375668 4 4 108746 0 0 98860 25 0
fn=__mpn_mul_1
0 197720 2 2 29658 0 0 19772 0 0
fn=__new_exitfn
0 39 6 6 11 4 2 5 0 0
fn=__open_nocancel
0 5 1 1 1 0 0 0 0 0
fn=__pow_finite
0 5 1 1 3 0 0 0 0 0
fn=__pthread_initialize_minimal
0 165 14 14 23 5 0 62 9 5
fn=__read_nocancel
0 10 0 0 2 0 0 0 0 0
fn=__register_atfork
0 50 4 4 12 3 3 10 0 0
fn=__sigjmp_save
0 9 0 0 2 0 0 2 0 0
fn=__sigsetjmp
0 439 4 4 109 0 0 176 1 1
fn=__sti__$E
0 348 18 18 61 2 2 81 1 1
fn=__strtod_internal
0 110592 1 1 73728 0 0 0 0 0
fn=__tls_get_addr
0 271293 2 2 172639 136 0 0 0 0
fn=__uflow
0 52 5 5 18 2 0 2 0 0
fn=__write_nocancel
0 10 0 0 2 0 0 0 0 0
fn=_dl_add_to_namespace_list
0 366 3 3 91 0 0 55 0 0
fn=_dl_add_to_slotinfo
0 72 2 2 27 7 0 18 2 0
fn=_dl_addr
0 55994 11 11 13655 1030 767 16 2 0
fn=_dl_allocate_tls_init
0 153 6 6 47 5 0 21 1 1
fn=_dl_allocate_tls_storage
0 332 4 4 7 0 0 295 37 37
fn=_dl_cache_libcmp
0 3678 4 4 552 31 31 0 0 0
fn=_dl_catch_error
0 756 3 3 231 0 0 357 4 4
fn=_dl_check_all_versions
0 145 3 3 23 0 0 13 0 0
fn=_dl_check_map_versions
0 4632 14 14 1429 36 31 576 40 37
fn=_dl_count_modids
0 4 2 2 3 0 0 0 0 0
fn=_dl_debug_initialize
0 81 3 3 28 2 1 4 0 0
fn=_dl_debug_state
0 2 2 1 2 0 0 0 0 0
fn=_dl_determine_tlsoffset
0 117 4 4 19 2 0 10 0 0
fn=_dl_discover_osversion
0 88 4 4 15 1 1 7 1 1
fn=_dl_fixup
0 2215 7 7 840 113 2 281 3 1
fn=_dl_get_tls_static_info
0 5 0 0 3 0 0 2 1 1
fn=_dl_important_hwcaps
0 254 17 17 47 0 0 45 2 2
fn=_dl_init
0 430 11 11 138 30 0 36 0 0
fn=_dl_init_paths
0 1203 19 19 148 0 0 42 4 4
fn=_dl_initial_error_catch_tsd
0 46 0 0 23 0 0 0 0 0
fn=_dl_load_cache_lookup
0 1296 15 15 277 28 28 127 1 1
fn=_dl_lookup_symbol_x
0 43176 11 11 8583 194 139 4992 24 8
fn=_dl_map_object
0 3622 22 22 861 0 0 506 13 12
fn=_dl_map_object_deps
0 4297 33 33 926 32 1 333 5 5
fn=_dl_map_object_from_fd
0 6207 44 44 1388 63 63 642 62 62
fn=_dl_name_match_p
0 17955 3 3 4647 31 0 2667 0 0
fn=_dl_new_object
0 1506 12 12 280 9 9 274 50 50
fn=_dl_next_ld_env_entry
0 358 2 2 124 31 31 2 0 0
fn=_dl_next_tls_modid
0 12 1 1 6 0 0 2 0 0
fn=_dl_receive_error
0 28 2 2 10 0 0 12 0 0
fn=_dl_relocate_object
0 31109 48 48 8397 1010 861 3431 288 270
fn=_dl_runtime_resolve
0 812 3 3 252 0 0 224 8 4
fn=_dl_setup_hash
0 198 2 2 61 10 10 51 0 0
fn=_dl_start
0 686 17 16 142 27 25 57 16 16
fn=_dl_sysdep_read_whole_file
0 41 3 3 6 0 0 9 1 1
fn=_dl_sysdep_start
0 525 22 21 130 22 20 43 6 6
fn=_dl_sysdep_start_cleanup
0 1 1 1 1 0 0 0 0 0
fn=_dl_unload_cache
0 10 1 1 3 2 0 2 0 0
fn=_dl_vdso_vsym
0 35 4 2 15 3 0 0 0 0
fn=_fxstat
0 100 3 3 10 0 0 0 0 0
fn=_init
0 60 5 5 14 2 0 18 3 2
fn=_int_free
0 102 12 12 26 6 0 9 0 0
fn=_int_malloc
0 1380 22 22 173 32 1 228 29 5
fn=_itoa_word
0 44 3 3 4 1 1 2 1 0
fn=_pthread_cleanup_pop_restore
0 32800 2 1 12300 0 0 4100 0 0
fn=_pthread_cleanup_push_defer
0 57400 2 2 12300 69 0 20500 1 1
fn=_setjmp
0 2 1 1 0 0 0 0 0 0
fn=_wordcopy_fwd_aligned
0 36 4 4 8 1 1 4 0 0
fn=_xstat
0 147 1 1 12 0 0 9 0 0
fn=access
0 9 2 2 1 0 0 1 0 0
fn=atoi
0 6 1 1 1 0 0 1 0 0
fn=bcmp
0 2663 14 14 667 13 12 206 5 5
fn=brk
0 103 3 3 15 0 0 8 1 1
fn=bsearch
0 904 3 3 164 0 0 118 0 0
fn=calloc
0 736 11 11 160 51 0 60 0 0
fn=check_match.9440
0 19301 5 5 7214 263 125 2859 16 7
fn=chkp_Load
0 48 5 5 5 2 0 16 3 0
fn=close
0 40 0 0 8 0 0 0 0 0
fn=cos
0 8 1 1 3 0 0 0 0 0
fn=dl_main
0 1389 69 69 300 46 21 159 18 18
fn=do_lookup_x
0 129387 21 19 38476 630 244 15720 22 7
fn=expand_dynamic_string_token
0 33 2 2 6 0 0 9 1 1
fn=fclose@@GLIBC_2.2.5
0 74 7 7 27 1 0 10 0 0
fn=fillin_rpath
0 371 12 12 72 0 0 76 4 4
fn=floor
0 5 2 2 3 0 0 0 0 0
fn=floorf
0 5 1 1 3 0 0 0 0 0
fn=fopen@@GLIBC_2.2.5
0 2 1 1 0 0 0 0 0 0
fn=free
0 44 3 3 15 2 0 0 0 0
fn=getenv
0 2136 4 4 714 47 0 46 0 0
fn=getrlimit
0 5 1 1 1 0 0 0 0 0
fn=gettimeofday
0 30 3 1 2 0 0 10 0 0
fn=handle_intel.isra.0
0 94 4 4 14 0 0 26 0 0
fn=handle_ld_preload
0 816 7 7 80 0 0 17 2 2
fn=index
0 2301 8 8 192 11 11 0 0 0
fn=init
0 3 1 1 1 0 0 2 1 0
fn=init_cacheinfo
0 150 9 9 11 1 0 15 2 2
fn=init_tls
0 103 5 5 24 6 0 15 1 1
fn=intel_02_known_compare
0 324 1 1 162 6 6 0 0 0
fn=intel_check_word
0 407 10 10 28 0 0 40 0 0
fn=malloc
0 221 4 4 24 3 0 6 1 0
fn=malloc_consolidate
0 666 4 4 9 0 0 263 34 33
fn=malloc_hook_ini
0 11 2 2 3 1 1 3 0 0
fn=map_doit
0 12 1 1 5 0 0 3 1 1
fn=match_symbol
0 2999 3 3 1175 19 18 279 0 0
fn=memcpy
0 1297 6 6 212 0 0 175 22 22
fn=memcpy@GLIBC_2.2.5
0 15 1 1 4 1 0 0 0 0
fn=memmove
0 274 4 4 44 0 0 40 0 0
fn=mempcpy
0 2504 6 6 404 10 9 320 19 19
fn=memset
0 6638 2 2 22 0 0 6522 106 106
fn=mmap
0 953 6 5 210 0 0 174 7 5
fn=mprotect
0 80 1 1 16 0 0 0 0 0
fn=munmap
0 10 1 1 2 0 0 0 0 0
fn=open
0 267 2 2 34 0 0 25 0 0
fn=open_path
0 2251 12 12 730 1 1 253 3 3
fn=open_verify
0 2112 14 14 465 10 10 375 2 2
fn=openaux
0 340 2 2 160 0 0 60 0 0
fn=printf
0 42 4 4 6 1 0 20 0 0
fn=pthread_mutex_lock
0 54 3 3 12 0 0 4 0 0
fn=pthread_mutex_unlock
0 48 3 3 16 2 0 2 0 0
fn=ptmalloc_init.part.8
0 393 7 7 130 46 1 15 3 1
fn=read
0 39 2 2 9 0 0 0 0 0
fn=rindex
0 12 2 2 6 0 0 0 0 0
fn=rint
0 5 1 1 3 1 0 0 0 0
fn=rintf
0 5 2 2 3 0 0 0 0 0
fn=round_and_return
0 1903354 8 8 258048 0 0 239004 1 0
fn=rtld_lock_default_lock_recursive
0 16 1 1 16 1 1 0 0 0
fn=rtld_lock_default_unlock_recursive
0 16 0 0 16 0 0 0 0 0
fn=sbrk
0 131 4 4 36 9 1 21 2 0
fn=secure_getenv
0 5 1 1 2 1 0 0 0 0
fn=sin
0 8 1 1 3 0 0 0 0 0
fn=sqrt
0 1 1 1 0 0 0 0 0 0
fn=stpcpy
0 5 2 2 3 0 0 0 0 0
fn=str_to_mpn.isra.0
0 4233264 7 7 650954 87 2 364873 0 0
fn=strcasecmp
0 5 2 2 3 2 0 0 0 0
fn=strchrnul
0 92 2 2 8 1 1 0 0 0
fn=strcmp
0 47627 1 1 15145 179 74 0 0 0
fn=strcpy
0 5 2 2 3 1 0 0 0 0
fn=strdup
0 85 1 1 10 0 0 20 0 0
fn=strlen
0 2264 4 4 234 2 2 0 0 0
fn=strncasecmp
0 5 2 2 3 0 0 0 0 0
fn=strnlen
0 5 1 1 3 0 0 0 0 0
fn=strsep
0 2101 1 1 653 0 0 5 0 0
fn=strtol
0 4 1 1 2 0 0 0 0 0
fn=sysmalloc
0 464 19 19 119 27 3 83 14 6
fn=systrim.isra.3
0 27 3 3 11 0 0 6 0 0
fn=time
0 15 2 2 1 0 0 5 0 0
fn=tls_get_addr_tail
0 51 5 5 19 4 0 11 0 0
fn=uname
0 5 1 1 1 0 0 0 0 0
fn=version_check_doit
0 10 2 2 4 0 0 2 0 0
fn=vfprintf
0 625 44 44 191 7 4 135 6 6
fn=write
0 4 1 1 2 0 0 0 0 0
summary: 74067437 1526 1496 18838405 24708 11889 9130229 20185 7514
