desc: I1 cache:         32768 B, 64 B, 8-way associative
desc: D1 cache:         32768 B, 64 B, 8-way associative
desc: LL cache:         48234496 B, 64 B, 23-way associative
cmd: ./MD 4
events: Ir I1mr ILmr Dr D1mr DLmr Dw D1mw DLmw 
fl=/lustre/home/d171/s1898201/PP_cw/MD_steps/s1_flag/MD.c
fn=evolve
14 55 1 1 0 0 0 35 0 0
22 75 0 0 20 0 0 0 0 0
23 80 1 1 0 0 0 20 15 15
24 85 0 0 25 5 0 20 0 0
28 125 0 0 125 75 0 0 0 0
32 60 1 1 60 40 15 0 0 0
35 80 1 1 0 0 0 20 20 0
36 5 0 0 5 0 0 0 0 0
39 60 5 5 60 40 0 0 0 0
41 30960 6 6 0 0 0 0 0 0
42 81920 1 1 40960 9020 0 40960 0 0
45 93120 2 2 0 0 0 0 0 0
46 340 11 11 60 60 0 80 20 0
47 737590 10 10 368890 92285 0 122880 0 0
51 20 1 1 0 0 0 0 0 0
52 164020 0 0 80 20 0 40 20 15
53 503848920 0 0 0 0 0 0 0 0
54 81900 1 1 0 0 0 0 0 0
55 1510645500 2 2 503766900 61635284 0 503193600 62899260 62899259
62 180 2 2 120 40 40 20 20 20
63 5 0 0 5 5 4 0 0 0
66 60 0 0 60 40 40 0 0 0
68 251597060 2 2 40 20 20 20 20 20
69 167731200 0 0 83865600 20966420 20966420 83865600 0 0
75 20 1 1 0 0 0 0 0 0
76 164100 6 6 40 40 40 160 20 20
77 504749840 1 1 168222600 33120 0 409500 0 0
78 503439305 1 1 335626205 21835282 10260 0 0 0
79 167731200 1 1 0 0 0 0 0 0
82 838901700 0 0 167813100 21602501 20966420 81900 0 0
83 1006960500 3 3 503439300 339783 80 503275500 20 20
84 1342832400 3 3 671334300 86716484 62909500 163800 0 0
85 1341849600 0 0 503193600 64609846 30680 503193600 0 0
86 503193600 0 0 0 0 0 0 0 0
95 503193600 0 0 0 0 0 0 0 0
98 163800 0 0 81900 0 0 0 0 0
103 93240 1 1 0 0 0 0 0 0
104 320 1 1 120 40 40 0 0 0
105 491880 20 20 246000 61540 61460 122880 0 0
110 93120 10 10 0 0 0 0 0 0
111 320 10 10 80 80 0 40 40 0
112 737585 17 17 368885 92340 24220 122880 0 0
116 40 1 1 35 5 5 0 0 0
fl=/lustre/home/d171/s1898201/PP_cw/MD_steps/s1_flag/control.c
fn=main
14 19 1 1 2 0 0 9 0 0
24 1 0 0 0 0 0 0 0 0
27 2 0 0 0 0 0 0 0 0
30 2 0 0 0 0 0 1 0 0
31 2 0 0 0 0 0 1 0 0
32 1 1 1 0 0 0 1 0 0
34 4 0 0 0 0 0 2 1 0
35 4 0 0 0 0 0 2 0 0
36 5 1 1 0 0 0 2 1 0
37 6 0 0 0 0 0 3 2 0
38 6 1 1 0 0 0 3 2 1
39 5 0 0 0 0 0 2 0 0
40 5 0 0 0 0 0 2 1 0
41 5 0 0 0 0 0 2 1 0
42 4 1 1 0 0 0 2 1 1
44 4 1 1 0 0 0 2 0 0
45 5 0 0 0 0 0 3 0 0
46 6 1 1 0 0 0 4 1 0
47 4 0 0 0 0 0 2 0 0
52 1 0 0 0 0 0 1 0 0
53 4 1 1 0 0 0 1 0 0
55 2 0 0 0 0 0 0 0 0
60 16394 0 0 3 0 0 3 1 0
61 90112 2 2 12288 116 0 24576 0 0
66 1 1 1 0 0 0 1 0 0
73 29 0 0 1 0 0 4 0 0
75 15 0 0 5 0 0 5 0 0
77 55 2 2 20 15 10 5 0 0
78 20 0 0 5 5 0 5 0 0
81 25 0 0 0 0 0 5 0 0
82 20 1 1 0 0 0 5 0 0
84 10 0 0 0 0 0 0 0 0
89 61500 1 1 30 15 0 20 5 5
90 430080 2 2 307200 32905 4070 40960 0 0
95 5 0 0 0 0 0 5 0 0
98 13 1 1 4 1 0 1 0 0
100 10 0 0 7 2 2 0 0 0
114 36 2 2 0 0 0 12 0 0
115 41 2 2 18 6 1 5 0 0
fl=/lustre/home/d171/s1898201/PP_cw/MD_steps/s1_flag/util.c
fn=evolve
6 276900 3 3 0 0 0 0 0 0
7 901140 3 3 532480 51245 7680 204800 30760 1524
10 60 1 1 0 0 0 0 0 0
13 276800 5 5 0 0 0 0 0 0
14 1024040 20 20 327680 51240 0 204800 0 0
20 503256390 21 21 80 60 60 75 40 40
21 922972280 21 21 419532800 104883380 104832100 167813120 0 0
26 1845657600 5 5 167854080 67060 0 0 0 0
fl=/lustre/sw/valgrind/source/valgrind-3.11.0/coregrind/m_trampoline.S
fn=vgPlain_amd64_linux_REDIR_FOR_vgettimeofday
176 12 1 1 0 0 0 0 0 0
177 12 0 0 0 0 0 0 0 0
178 12 0 0 12 0 0 0 0 0
fl=/usr/include/stdlib.h
fn=main
280 3 1 1 1 0 0 1 0 0
fl=???
fn=(below main)
0 62 5 5 17 3 0 17 0 0
fn=???
0 78152 85 78 65985 461 74 98 1 1
fn=_IO_default_finish
0 84 2 2 24 0 0 6 0 0
fn=_IO_default_uflow
0 20 2 2 10 0 0 5 0 0
fn=_IO_default_xsputn
0 1566 23 23 282 10 10 235 11 11
fn=_IO_do_write@@GLIBC_2.2.5
0 340 17 17 105 5 0 79 0 0
fn=_IO_doallocbuf
0 126 1 1 56 6 5 28 2 0
fn=_IO_file_close
0 12 6 6 6 0 0 0 0 0
fn=_IO_file_close_it@@GLIBC_2.2.5
0 333 14 14 75 6 0 101 0 0
fn=_IO_file_doallocate
0 294 16 16 63 14 10 42 11 10
fn=_IO_file_finish@@GLIBC_2.2.5
0 48 2 2 12 0 0 6 0 0
fn=_IO_file_fopen@@GLIBC_2.2.5
0 425 19 19 72 1 1 66 0 0
fn=_IO_file_init@@GLIBC_2.2.5
0 78 1 1 24 0 0 30 0 0
fn=_IO_file_overflow@@GLIBC_2.2.5
0 288 26 26 60 0 0 78 0 0
fn=_IO_file_read
0 8 1 1 4 0 0 0 0 0
fn=_IO_file_stat
0 28 1 1 7 0 0 0 0 0
fn=_IO_file_underflow@@GLIBC_2.2.5
0 86 5 5 29 2 1 22 0 0
fn=_IO_file_write@@GLIBC_2.2.5
0 180 7 7 40 0 0 25 0 0
fn=_IO_file_xsputn@@GLIBC_2.2.5
0 13544963 13 13 3339836 0 0 2745580 106 20
fn=_IO_link_in
0 558 22 22 198 12 11 108 0 0
fn=_IO_no_init
0 298 15 15 55 0 0 155 12 12
fn=_IO_old_init
0 260 2 2 22 0 0 194 26 26
fn=_IO_padn
0 5345440 4 4 1290275 0 0 921625 0 0
fn=_IO_setb
0 456 2 2 114 0 0 108 4 4
fn=_IO_sputbackc
0 1089522 2 2 466938 0 0 155646 0 0
fn=_IO_str_init_static_internal
0 175 8 8 25 0 0 60 0 0
fn=_IO_switch_to_get_mode
0 40 1 1 14 0 0 12 0 0
fn=_IO_un_link
0 600 25 25 228 17 0 96 0 0
fn=_IO_unsave_markers
0 54 7 7 24 0 0 6 0 0
fn=_IO_vfscanf
0 26100773 67 67 7720964 9413 9290 2584580 8050 1012
fn=__GI_memcpy
0 3377140 23 13 423892 6 6 266682 6 5
fn=__GI_mempcpy
0 7007294 3 3 778627 86 0 389354 5543 5464
fn=__GI_memset
0 29911 11 11 32 28 5 19755 4939 4933
fn=__GI_strlen
0 3096674 2 2 442382 11 6 0 0 0
fn=__GI_strrchr
0 34 3 3 2 1 0 0 0 0
fn=__GI_strstr
0 150 14 14 54 6 6 36 0 0
fn=____strtod_l_internal
0 18740564 54 54 2628836 4 4 1380234 4 0
fn=____strtol_l_internal
0 102 10 10 16 4 3 10 0 0
fn=__acos_finite
0 7 1 1 2 0 0 1 0 0
fn=__asin_finite
0 7 1 1 2 0 0 1 0 0
fn=__atan2_finite
0 10 1 1 2 0 0 1 0 0
fn=__close_nocancel
0 30 6 6 6 0 0 0 0 0
fn=__cpu_indicator_init
0 81 7 7 17 1 0 11 0 0
fn=__ctype_init
0 16 2 2 10 6 0 3 1 0
fn=__cxa_atexit
0 44 2 2 10 0 0 16 1 0
fn=__cxa_finalize
0 212 5 5 52 1 1 24 0 0
fn=__default_morecore
0 32 2 2 4 0 0 4 0 0
fn=__exp_finite
0 10 2 2 2 0 0 1 0 0
fn=__fopen_internal
0 234 14 14 24 0 0 60 6 6
fn=__fopen_maybe_mmap
0 24 6 6 12 0 0 0 0 0
fn=__get_cpu_features
0 60 0 0 24 0 0 0 0 0
fn=__gmon_start__
0 27 2 2 9 2 1 2 0 0
fn=__init_cpu_features
0 130 17 17 12 2 1 22 0 0
fn=__init_misc
0 24 2 2 7 2 0 5 1 0
fn=__intel_avx_rep_memset
0 1342506040 25 25 120 120 99 1342504360 20976680 20976148
fn=__intel_cpu_features_init
0 5 1 1 2 0 0 2 0 0
fn=__intel_cpu_features_init_body
0 228 19 19 14 0 0 15 2 0
fn=__intel_new_feature_proc_init
0 39 5 5 10 1 1 7 1 0
fn=__intel_proc_init_ftzdazule
0 84 4 4 6 0 0 54 6 0
fn=__isoc99_fscanf
0 221184 5 5 73728 38 0 49152 0 0
fn=__libc_csu_init
0 41 2 2 9 1 1 9 0 0
fn=__libc_memalign
0 1205 4 4 202 0 0 199 0 0
fn=__libc_sigaction
0 172 12 12 57 5 3 57 5 2
fn=__linkin_atfork
0 9 1 1 4 2 1 1 0 0
fn=__log_finite
0 10 1 1 2 0 0 1 0 0
fn=__mcount_internal
0 175 10 9 66 20 16 17 0 0
fn=__mpn_cmp
0 891161 1 1 243045 0 0 0 0 0
fn=__mpn_construct_double
0 401408 2 2 86016 0 0 28672 0 0
fn=__mpn_divrem
0 19697244 12 12 5266971 0 0 4858716 255 10
fn=__mpn_extract_double
0 3870846 3 3 368652 0 0 921630 5 5
fn=__mpn_lshift
0 3796890 3 3 506252 0 0 253126 0 0
fn=__mpn_mul
0 2786996 14 14 806762 5 0 733420 11 1
fn=__mpn_mul_1
0 41589828 4 4 6125299 0 0 4130689 0 0
fn=__mpn_rshift
0 3107056 11 11 548304 0 0 365536 0 0
fn=__new_exitfn
0 83 5 5 22 5 2 9 0 0
fn=__open_nocancel
0 37 1 0 6 0 0 0 0 0
fn=__pow_finite
0 7 1 1 2 0 0 1 0 0
fn=__printf_fp
0 177889718 142 141 36904672 561 55 26789886 41000 40990
fn=__profile_frequency
0 3 1 1 3 2 0 0 0 0
fn=__read_nocancel
0 12 0 0 2 0 0 0 0 0
fn=__run_exit_handlers
0 51 3 3 11 3 3 8 1 1
fn=__sigjmp_save
0 9 1 1 2 0 0 2 0 0
fn=__sigsetjmp
0 219 4 4 54 0 0 88 1 1
fn=__sti__$E
0 348 18 18 61 2 2 81 1 1
fn=__strtod_internal
0 110592 1 1 73728 0 0 0 0 0
fn=__uflow
0 52 4 4 18 2 0 2 0 0
fn=__unregister_atfork
0 52 2 2 20 3 3 4 0 0
fn=__write_nocancel
0 27 0 0 5 0 0 0 0 0
fn=_dl_add_to_namespace_list
0 250 2 2 62 0 0 41 0 0
fn=_dl_add_to_slotinfo
0 24 2 2 9 2 0 6 1 0
fn=_dl_addr
0 56005 12 12 13655 1025 842 16 2 0
fn=_dl_allocate_tls_init
0 81 7 7 25 1 0 13 0 0
fn=_dl_allocate_tls_storage
0 332 4 4 7 0 0 295 37 37
fn=_dl_cache_libcmp
0 3061 3 3 460 25 25 0 0 0
fn=_dl_catch_error
0 360 3 3 110 0 0 170 4 4
fn=_dl_check_all_versions
0 117 2 2 19 0 0 11 0 0
fn=_dl_check_map_versions
0 2725 14 14 875 23 20 353 26 26
fn=_dl_count_modids
0 4 2 2 3 0 0 0 0 0
fn=_dl_debug_initialize
0 65 3 3 22 2 1 4 0 0
fn=_dl_debug_state
0 2 0 0 2 0 0 0 0 0
fn=_dl_determine_tlsoffset
0 56 5 5 11 0 0 8 0 0
fn=_dl_discover_osversion
0 88 6 6 15 1 1 7 1 1
fn=_dl_fini
0 416 12 12 157 50 50 47 8 8
fn=_dl_fixup
0 1804 11 11 682 154 64 231 1 0
fn=_dl_important_hwcaps
0 254 16 16 47 0 0 45 2 2
fn=_dl_init
0 372 10 10 118 34 0 32 0 0
fn=_dl_init_paths
0 1203 18 18 148 0 0 42 4 4
fn=_dl_initial_error_catch_tsd
0 22 0 0 11 0 0 0 0 0
fn=_dl_load_cache_lookup
0 1090 15 15 229 21 21 105 0 0
fn=_dl_lookup_symbol_x
0 28259 16 16 5639 151 117 3313 19 4
fn=_dl_map_object
0 1774 23 23 410 0 0 264 3 3
fn=_dl_map_object_deps
0 2677 33 33 559 7 1 222 1 1
fn=_dl_map_object_from_fd
0 4338 45 45 951 42 42 444 49 49
fn=_dl_name_match_p
0 6219 6 6 1609 38 11 924 0 0
fn=_dl_new_object
0 1132 13 13 207 7 7 208 40 40
fn=_dl_next_ld_env_entry
0 416 2 2 143 34 34 2 0 0
fn=_dl_next_tls_modid
0 6 1 1 3 0 0 1 0 0
fn=_dl_receive_error
0 28 3 3 10 0 0 12 0 0
fn=_dl_relocate_object
0 22786 47 47 6183 813 713 2653 266 249
fn=_dl_runtime_resolve
0 667 4 4 207 0 0 184 2 0
fn=_dl_setup_hash
0 152 3 3 47 8 8 39 0 0
fn=_dl_sort_fini
0 678 9 9 176 5 5 49 0 0
fn=_dl_start
0 680 16 16 139 26 24 59 17 17
fn=_dl_sysdep_read_whole_file
0 41 3 3 6 0 0 9 1 1
fn=_dl_sysdep_start
0 468 12 11 131 21 19 29 6 6
fn=_dl_sysdep_start_cleanup
0 1 1 1 1 0 0 0 0 0
fn=_dl_unload_cache
0 10 2 1 3 2 0 2 0 0
fn=_dl_vdso_vsym
0 35 4 2 15 4 0 0 0 0
fn=_fxstat
0 130 4 4 13 0 0 0 0 0
fn=_init
0 60 6 6 14 4 0 18 4 0
fn=_int_free
0 612 54 54 156 42 5 54 0 0
fn=_int_malloc
0 2201 52 50 274 75 37 366 36 11
fn=_intel_fast_memset
0 520 2 2 80 40 39 40 0 0
fn=_intel_fast_memset.V
0 40 1 1 0 0 0 0 0 0
fn=_itoa_word
0 1280 3 3 116 26 21 60 0 0
fn=_mcleanup
0 6 1 1 1 0 0 2 0 0
fn=_setjmp
0 2 1 1 0 0 0 0 0 0
fn=_xstat
0 147 1 1 12 0 0 9 0 0
fn=access
0 9 2 2 1 0 0 1 0 0
fn=atexit
0 6 1 1 1 1 1 0 0 0
fn=atol
0 3 1 1 0 0 0 0 0 0
fn=bcmp
0 2136 14 14 531 11 11 160 4 4
fn=brk
0 103 2 2 15 0 0 8 1 1
fn=bsearch
0 1808 6 6 328 0 0 236 0 0
fn=calloc
0 778 13 12 179 44 0 67 0 0
fn=check_free
0 9 1 1 3 1 1 1 0 0
fn=check_match.9346
0 13134 9 9 4865 116 54 1966 14 3
fn=close
0 30 0 0 6 0 0 0 0 0
fn=cos
0 10 2 2 2 0 0 1 0 0
fn=dl_main
0 1285 76 76 269 33 20 151 17 16
fn=do_lookup_x
0 71927 31 31 20972 432 234 8732 21 3
fn=do_preload
0 27 3 3 7 0 0 8 0 0
fn=exit
0 4 1 1 0 0 0 1 0 0
fn=expand_dynamic_string_token
0 33 2 2 6 0 0 9 1 1
fn=fclose@@GLIBC_2.2.5
0 444 12 12 162 6 0 60 0 0
fn=fillin_rpath
0 371 14 14 72 0 0 76 4 4
fn=fini
0 2 1 1 0 0 0 0 0 0
fn=floor
0 6 2 2 2 0 0 1 0 0
fn=floorf
0 6 1 1 2 0 0 1 0 0
fn=fopen@@GLIBC_2.2.5
0 12 6 6 0 0 0 0 0 0
fn=fprintf
0 512000 7 7 20480 0 0 348160 92 0
fn=free
0 287600 3 3 123234 132 40 0 0 0
fn=getenv
0 412 3 3 139 46 46 7 0 0
fn=gettimeofday
0 30 2 1 2 0 0 10 0 0
fn=hack_digit.13549
0 57675705 11 11 19136307 0 0 8918062 5 5
fn=handle_intel.isra.0
0 188 10 10 28 0 0 52 0 0
fn=index
0 628 2 2 57 7 7 0 0 0
fn=init
0 3 1 1 1 0 0 2 1 0
fn=init_cacheinfo
0 287 17 17 15 1 1 27 4 3
fn=init_tls
0 83 4 4 20 3 0 13 1 1
fn=intel_02_known_compare
0 648 2 2 324 12 12 0 0 0
fn=intel_check_word
0 814 22 22 56 0 0 80 0 0
fn=isinf
0 2396238 1 1 184326 0 0 0 0 0
fn=isnan
0 1290282 6 5 184326 0 0 0 0 0
fn=malloc
0 391 15 15 84 18 16 21 0 0
fn=malloc_consolidate
0 666 4 4 9 0 0 263 34 33
fn=malloc_hook_ini
0 11 2 2 3 1 1 3 0 0
fn=map_doit
0 12 1 1 5 0 0 3 0 0
fn=match_symbol
0 1478 5 5 577 17 16 126 0 0
fn=mcount
0 120 6 6 60 0 0 48 4 0
fn=memcpy
0 936 6 6 149 0 0 121 13 13
fn=memcpy@GLIBC_2.2.5
0 13 2 2 4 0 0 0 0 0
fn=memmove
0 192 8 8 36 0 0 32 0 0
fn=mempcpy
0 1759 5 5 258 2 1 193 8 8
fn=memset
0 802 21 21 42 7 7 383 48 48
fn=mmap
0 150 3 3 25 0 0 0 0 0
fn=moncontrol
0 27 2 2 8 2 1 4 0 0
fn=monstartup
0 68 7 7 5 2 1 19 5 3
fn=mprotect
0 60 1 1 12 0 0 0 0 0
fn=munmap
0 35 0 0 7 0 0 0 0 0
fn=open
0 231 7 7 33 0 0 21 0 0
fn=open_path
0 1748 13 13 576 0 0 191 1 1
fn=open_verify
0 1632 13 13 363 6 6 300 2 2
fn=openaux
0 153 2 2 72 0 0 27 1 1
fn=printf
0 1119 4 4 153 41 40 558 43 30
fn=profil
0 93 10 10 14 1 1 40 4 1
fn=profil_counter
0 111901 1 1 40873 28698 201 0 0 0
fn=ptmalloc_init.part.8
0 51 7 7 15 6 2 15 4 2
fn=read
0 29 2 2 7 0 0 0 0 0
fn=read_int
0 7925820 2 2 2211865 0 0 552965 0 0
fn=rint
0 6 2 2 2 0 0 1 0 0
fn=rintf
0 6 1 1 2 0 0 1 0 0
fn=round_and_return
0 1903354 9 9 258048 0 0 239004 1 1
fn=rtld_lock_default_lock_recursive
0 16 2 2 16 2 1 0 0 0
fn=rtld_lock_default_unlock_recursive
0 16 0 0 16 1 0 0 0 0
fn=sbrk
0 131 6 5 36 9 2 21 3 0
fn=setitimer
0 10 2 2 2 0 0 0 0 0
fn=sigaction
0 8 2 2 0 0 0 0 0 0
fn=sin
0 10 1 1 2 0 0 1 0 0
fn=sprintf
0 85 11 11 5 0 0 45 0 0
fn=str_to_mpn.isra.0
0 4233264 5 5 650954 33 2 364873 1 0
fn=strcasecmp
0 7 2 2 3 1 1 1 0 0
fn=strchrnul
0 4713348 3 3 409862 43 42 0 0 0
fn=strcmp
0 22532 3 3 7012 107 55 0 0 0
fn=strdup
0 68 1 1 8 0 0 16 0 0
fn=strlen
0 1918 4 4 212 0 0 0 0 0
fn=strncasecmp
0 6 2 2 3 0 0 0 0 0
fn=strnlen
0 6 2 2 3 0 0 0 0 0
fn=strsep
0 3108 2 2 968 0 0 6 0 0
fn=strtol
0 4 1 1 2 0 0 0 0 0
fn=sysmalloc
0 464 20 20 119 27 2 83 15 6
fn=systrim.isra.3
0 162 3 3 66 5 4 36 0 0
fn=time
0 15 2 2 1 0 0 5 0 0
fn=uname
0 5 1 1 1 0 0 0 0 0
fn=version_check_doit
0 10 1 1 4 0 0 2 0 0
fn=vfprintf
0 43128322 92 87 9856173 799 315 10018754 206 180
fn=vsprintf
0 190 8 8 35 0 0 50 8 8
fn=write
0 10 5 5 5 0 0 0 0 0
fn=write_gmon
0 18 2 2 0 0 0 8 0 0
summary: 14224320572 2289 2254 3628248943 383124701 209826039 3172449503 83968059 83930444
